{
  "stats": {
    "suites": 4,
    "tests": 0,
    "passes": 0,
    "pending": 0,
    "failures": 0,
    "start": "2026-06-12T09:22:02.345Z",
    "end": "2026-06-12T16:40:51.737Z",
    "duration": 26329392,
    "testsRegistered": 9,
    "passPercent": 0,
    "pendingPercent": 0,
    "other": 4,
    "hasOther": true,
    "skipped": 9,
    "hasSkipped": true
  },
  "results": [
    {
      "uuid": "fba3600c-517c-4f2b-b5de-24e3e3c188dc",
      "title": "",
      "fullFile": "",
      "file": "",
      "beforeHooks": [],
      "afterHooks": [
        {
          "title": "\"after all\" hook in \"{root}\"",
          "fullTitle": "\"after all\" hook in \"{root}\"",
          "timedOut": false,
          "duration": 137,
          "state": null,
          "speed": null,
          "pass": false,
          "fail": false,
          "pending": false,
          "context": null,
          "code": "this.timeout(30000);\nlogger.info('ALL TEST SUITES COMPLETED. Generating Excel report...');\nconst reporter = ExcelReporter.getInstance();\nawait reporter.generateReport(\n  process.env.DEVICE_NAME || 'Android Emulator',\n  process.env.PLATFORM_VERSION || '13.0'\n);",
          "err": {},
          "uuid": "31445f46-a02c-49f1-8aee-9d61a973e4e5",
          "parentUUID": "fba3600c-517c-4f2b-b5de-24e3e3c188dc",
          "isHook": true,
          "skipped": false
        }
      ],
      "tests": [],
      "suites": [
        {
          "uuid": "1f0d9223-36b6-4289-a850-625e161c93cb",
          "title": "Authentication & Session Management",
          "fullFile": "C:\\Users\\Amulya\\Downloads\\safebank-ai-app\\tests\\auth.test.js",
          "file": "\\tests\\auth.test.js",
          "beforeHooks": [
            {
              "title": "\"before all\" hook for \"TC_001_Verify_Login_Validation_Empty_Fields\"",
              "fullTitle": "Authentication & Session Management \"before all\" hook for \"TC_001_Verify_Login_Validation_Empty_Fields\"",
              "timedOut": true,
              "duration": 181073,
              "state": "failed",
              "speed": null,
              "pass": false,
              "fail": true,
              "pending": false,
              "context": null,
              "code": "this.timeout(180000); // Allow 3 minutes for app installation/launch\nlogger.info(`Initializing test driver for module: ${moduleName}`);\ndriver = await DriverFactory.createDriver();\n\n// Instantiate all POM classes\npages.login = new LoginPage(driver);\npages.dashboard = new DashboardPage(driver);\npages.sms = new SmsPage(driver);\npages.call = new CallPage(driver);\npages.report = new ReportPage(driver);\npages.profile = new ProfilePage(driver);",
              "err": {
                "message": "Error: Timeout of 180000ms exceeded. For async tests and hooks, ensure \"done()\" is called; if returning a Promise, ensure it resolves. (C:\\Users\\Amulya\\Downloads\\safebank-ai-app\\tests\\auth.test.js)",
                "estack": "Error: Timeout of 180000ms exceeded. For async tests and hooks, ensure \"done()\" is called; if returning a Promise, ensure it resolves. (C:\\Users\\Amulya\\Downloads\\safebank-ai-app\\tests\\auth.test.js)\n    at listOnTimeout (node:internal/timers:605:17)\n    at process.processTimers (node:internal/timers:541:7)",
                "diff": null
              },
              "uuid": "47893476-adb3-45ad-8399-802c05424223",
              "parentUUID": "1f0d9223-36b6-4289-a850-625e161c93cb",
              "isHook": true,
              "skipped": false
            },
            {
              "title": "\"before all\" hook",
              "fullTitle": "Authentication & Session Management \"before all\" hook",
              "timedOut": false,
              "duration": 0,
              "state": null,
              "speed": null,
              "pass": false,
              "fail": false,
              "pending": false,
              "context": null,
              "code": "pages = context.getPages();",
              "err": {},
              "uuid": "296b57db-aaac-4d35-99af-973d93388425",
              "parentUUID": "1f0d9223-36b6-4289-a850-625e161c93cb",
              "isHook": true,
              "skipped": false
            },
            {
              "title": "\"before each\" hook",
              "fullTitle": "Authentication & Session Management \"before each\" hook",
              "timedOut": false,
              "duration": 0,
              "state": null,
              "speed": null,
              "pass": false,
              "fail": false,
              "pending": false,
              "context": null,
              "code": "startTime = new Date();\nlogger.info(`>>> RUNNING TEST: ${this.currentTest.title} <<<`);\nreporter.logStep(this.currentTest.title, 'Test Suite Init', 'SUCCESS', `Starting scenario in module: ${moduleName}`);",
              "err": {},
              "uuid": "dcc27f23-8d2c-4f26-85ad-04dcfeb10131",
              "parentUUID": "1f0d9223-36b6-4289-a850-625e161c93cb",
              "isHook": true,
              "skipped": false
            }
          ],
          "afterHooks": [
            {
              "title": "\"after all\" hook in \"Authentication & Session Management\"",
              "fullTitle": "Authentication & Session Management \"after all\" hook in \"Authentication & Session Management\"",
              "timedOut": false,
              "duration": 2,
              "state": null,
              "speed": null,
              "pass": false,
              "fail": false,
              "pending": false,
              "context": null,
              "code": "logger.info(`Tearing down driver for module: ${moduleName}`);\nawait DriverFactory.quitDriver(driver);",
              "err": {},
              "uuid": "076cc7dc-b3b3-4741-9798-2cbc0c794f7e",
              "parentUUID": "1f0d9223-36b6-4289-a850-625e161c93cb",
              "isHook": true,
              "skipped": false
            },
            {
              "title": "\"after each\" hook",
              "fullTitle": "Authentication & Session Management \"after each\" hook",
              "timedOut": false,
              "duration": 0,
              "state": null,
              "speed": null,
              "pass": false,
              "fail": false,
              "pending": false,
              "context": null,
              "code": "const status = this.currentTest.state === 'passed' ? 'Passed' : (this.currentTest.state === 'failed' ? 'Failed' : 'Skipped');\nconst endTime = new Date();\n\n// Auto-parse Test ID from naming convention e.g., \"TC_001_Verify_Login\" -> \"TC_001\"\nconst words = this.currentTest.title.split('_');\nconst testId = words[0] && words[0].startsWith('TC') ? words[0] : 'TC_GEN';\nreporter.addTestCase(\n  testId,\n  moduleName,\n  this.currentTest.title,\n  process.env.DEVICE_NAME || 'Android Emulator',\n  status,\n  startTime,\n  endTime\n);\nif (status === 'Failed') {\n  logger.error(`x TEST FAILED: ${this.currentTest.title}`);\n  \n  // Capture screenshots and logcat dumps on failure\n  const screenshotPath = await Helpers.captureScreenshot(driver, this.currentTest.title);\n  const logsPath = await Helpers.captureDeviceLogs(driver, this.currentTest.title);\n  \n  let currentActivity = 'Unknown';\n  try {\n    currentActivity = await driver.getCurrentActivity();\n  } catch (e) {\n    logger.warn('Could not retrieve current activity name.');\n  }\n  reporter.addFailedTest(\n    this.currentTest.title,\n    this.currentTest.err ? this.currentTest.err.message : 'Assertion failure',\n    screenshotPath,\n    process.env.DEVICE_NAME || 'Android Emulator',\n    process.env.PLATFORM_VERSION || '13.0',\n    currentActivity\n  );\n  reporter.logStep(\n    this.currentTest.title,\n    'Test Suite Teardown',\n    'FAIL',\n    `Error: ${this.currentTest.err ? this.currentTest.err.message : 'Unknown'}. Logs: ${logsPath}`\n  );\n} else {\n  logger.info(`o TEST PASSED: ${this.currentTest.title}`);\n  reporter.logStep(this.currentTest.title, 'Test Suite Teardown', 'PASS', 'Scenario completed with no errors.');\n}",
              "err": {},
              "uuid": "e84e3f2d-3744-475f-8cab-1dfe82bad72d",
              "parentUUID": "1f0d9223-36b6-4289-a850-625e161c93cb",
              "isHook": true,
              "skipped": false
            }
          ],
          "tests": [
            {
              "title": "TC_001_Verify_Login_Validation_Empty_Fields",
              "fullTitle": "Authentication & Session Management TC_001_Verify_Login_Validation_Empty_Fields",
              "timedOut": false,
              "duration": 0,
              "state": null,
              "speed": null,
              "pass": false,
              "fail": false,
              "pending": false,
              "context": null,
              "code": "this.timeout(30000);\n// Click submit directly with empty fields\nawait pages.login.click(pages.login.loginSubmitBtn);\n\n// Check validation message\nconst errorMsg = await pages.login.getErrorMessage();\nexpect(errorMsg.toLowerCase()).to.include('please enter');",
              "err": {},
              "uuid": "1f12318c-1604-4bc3-8ee5-8cca946e57af",
              "parentUUID": "1f0d9223-36b6-4289-a850-625e161c93cb",
              "isHook": false,
              "skipped": true
            },
            {
              "title": "TC_002_Verify_Login_Validation_Invalid_Format",
              "fullTitle": "Authentication & Session Management TC_002_Verify_Login_Validation_Invalid_Format",
              "timedOut": false,
              "duration": 0,
              "state": null,
              "speed": null,
              "pass": false,
              "fail": false,
              "pending": false,
              "context": null,
              "code": "this.timeout(30000);\n// Submit login with invalid formatted email\nawait pages.login.login('invalidemail', 'short');\n\n// Check validation message\nconst errorMsg = await pages.login.getErrorMessage();\nexpect(errorMsg.toLowerCase()).to.satisfy(\n  err => err.includes('invalid') || err.includes('error') || err.includes('please enter') || err.length > 0\n);",
              "err": {},
              "uuid": "9be1ec7e-ea31-4699-9b1d-5fca3dbe5a3d",
              "parentUUID": "1f0d9223-36b6-4289-a850-625e161c93cb",
              "isHook": false,
              "skipped": true
            },
            {
              "title": "TC_003_Verify_Guest_Demo_Mode_Login",
              "fullTitle": "Authentication & Session Management TC_003_Verify_Guest_Demo_Mode_Login",
              "timedOut": false,
              "duration": 0,
              "state": null,
              "speed": null,
              "pass": false,
              "fail": false,
              "pending": false,
              "context": null,
              "code": "this.timeout(60000);\n// Click Try Offline Demo Mode button\nawait pages.login.loginAsDemo();\n// Verify dashboard displays\nconst isDashboardVisible = await pages.dashboard.isDisplayed(pages.dashboard.safetyStatusBento);\nexpect(isDashboardVisible).to.be.true;",
              "err": {},
              "uuid": "2936245c-44a4-4e04-bf8c-95092833766f",
              "parentUUID": "1f0d9223-36b6-4289-a850-625e161c93cb",
              "isHook": false,
              "skipped": true
            },
            {
              "title": "TC_004_Verify_Logout_Functionality",
              "fullTitle": "Authentication & Session Management TC_004_Verify_Logout_Functionality",
              "timedOut": false,
              "duration": 0,
              "state": null,
              "speed": null,
              "pass": false,
              "fail": false,
              "pending": false,
              "context": null,
              "code": "this.timeout(60000);\n// Navigate to profile tab\nawait pages.dashboard.navigateToProfile();\n// Click logout\nawait pages.profile.logout();\n// Verify redirected back to Login screen\nconst isLoginButtonVisible = await pages.login.isDisplayed(pages.login.loginSubmitBtn);\nexpect(isLoginButtonVisible).to.be.true;",
              "err": {},
              "uuid": "a59a363b-0bf9-4207-a80f-d533c8162e12",
              "parentUUID": "1f0d9223-36b6-4289-a850-625e161c93cb",
              "isHook": false,
              "skipped": true
            }
          ],
          "suites": [],
          "passes": [],
          "failures": [],
          "pending": [],
          "skipped": [
            "1f12318c-1604-4bc3-8ee5-8cca946e57af",
            "9be1ec7e-ea31-4699-9b1d-5fca3dbe5a3d",
            "2936245c-44a4-4e04-bf8c-95092833766f",
            "a59a363b-0bf9-4207-a80f-d533c8162e12"
          ],
          "duration": 0,
          "root": false,
          "rootEmpty": false,
          "_timeout": 180000
        },
        {
          "uuid": "b048ac27-dd26-4463-bc5f-a76b860545fb",
          "title": "Full End-to-End User Workflows",
          "fullFile": "C:\\Users\\Amulya\\Downloads\\safebank-ai-app\\tests\\e2eFlow.test.js",
          "file": "\\tests\\e2eFlow.test.js",
          "beforeHooks": [
            {
              "title": "\"before all\" hook for \"TC_301_Execute_Complete_Banking_Safety_Workflow\"",
              "fullTitle": "Full End-to-End User Workflows \"before all\" hook for \"TC_301_Execute_Complete_Banking_Safety_Workflow\"",
              "timedOut": true,
              "duration": 180150,
              "state": "failed",
              "speed": null,
              "pass": false,
              "fail": true,
              "pending": false,
              "context": null,
              "code": "this.timeout(180000); // Allow 3 minutes for app installation/launch\nlogger.info(`Initializing test driver for module: ${moduleName}`);\ndriver = await DriverFactory.createDriver();\n\n// Instantiate all POM classes\npages.login = new LoginPage(driver);\npages.dashboard = new DashboardPage(driver);\npages.sms = new SmsPage(driver);\npages.call = new CallPage(driver);\npages.report = new ReportPage(driver);\npages.profile = new ProfilePage(driver);",
              "err": {
                "message": "Error: Timeout of 180000ms exceeded. For async tests and hooks, ensure \"done()\" is called; if returning a Promise, ensure it resolves. (C:\\Users\\Amulya\\Downloads\\safebank-ai-app\\tests\\e2eFlow.test.js)",
                "estack": "Error: Timeout of 180000ms exceeded. For async tests and hooks, ensure \"done()\" is called; if returning a Promise, ensure it resolves. (C:\\Users\\Amulya\\Downloads\\safebank-ai-app\\tests\\e2eFlow.test.js)\n    at listOnTimeout (node:internal/timers:605:17)\n    at process.processTimers (node:internal/timers:541:7)",
                "diff": null
              },
              "uuid": "287715e1-f5ec-4c6e-ad86-1251999babde",
              "parentUUID": "b048ac27-dd26-4463-bc5f-a76b860545fb",
              "isHook": true,
              "skipped": false
            },
            {
              "title": "\"before all\" hook",
              "fullTitle": "Full End-to-End User Workflows \"before all\" hook",
              "timedOut": false,
              "duration": 0,
              "state": null,
              "speed": null,
              "pass": false,
              "fail": false,
              "pending": false,
              "context": null,
              "code": "pages = context.getPages();",
              "err": {},
              "uuid": "c228ab49-3009-486f-9142-bceff63c62bc",
              "parentUUID": "b048ac27-dd26-4463-bc5f-a76b860545fb",
              "isHook": true,
              "skipped": false
            },
            {
              "title": "\"before each\" hook",
              "fullTitle": "Full End-to-End User Workflows \"before each\" hook",
              "timedOut": false,
              "duration": 0,
              "state": null,
              "speed": null,
              "pass": false,
              "fail": false,
              "pending": false,
              "context": null,
              "code": "startTime = new Date();\nlogger.info(`>>> RUNNING TEST: ${this.currentTest.title} <<<`);\nreporter.logStep(this.currentTest.title, 'Test Suite Init', 'SUCCESS', `Starting scenario in module: ${moduleName}`);",
              "err": {},
              "uuid": "b4aa2112-b08e-433c-8750-abcc5a6d9038",
              "parentUUID": "b048ac27-dd26-4463-bc5f-a76b860545fb",
              "isHook": true,
              "skipped": false
            }
          ],
          "afterHooks": [
            {
              "title": "\"after all\" hook in \"Full End-to-End User Workflows\"",
              "fullTitle": "Full End-to-End User Workflows \"after all\" hook in \"Full End-to-End User Workflows\"",
              "timedOut": false,
              "duration": 0,
              "state": null,
              "speed": null,
              "pass": false,
              "fail": false,
              "pending": false,
              "context": null,
              "code": "logger.info(`Tearing down driver for module: ${moduleName}`);\nawait DriverFactory.quitDriver(driver);",
              "err": {},
              "uuid": "ec7a70bd-8a38-4eb9-b575-73441e1e1172",
              "parentUUID": "b048ac27-dd26-4463-bc5f-a76b860545fb",
              "isHook": true,
              "skipped": false
            },
            {
              "title": "\"after each\" hook",
              "fullTitle": "Full End-to-End User Workflows \"after each\" hook",
              "timedOut": false,
              "duration": 0,
              "state": null,
              "speed": null,
              "pass": false,
              "fail": false,
              "pending": false,
              "context": null,
              "code": "const status = this.currentTest.state === 'passed' ? 'Passed' : (this.currentTest.state === 'failed' ? 'Failed' : 'Skipped');\nconst endTime = new Date();\n\n// Auto-parse Test ID from naming convention e.g., \"TC_001_Verify_Login\" -> \"TC_001\"\nconst words = this.currentTest.title.split('_');\nconst testId = words[0] && words[0].startsWith('TC') ? words[0] : 'TC_GEN';\nreporter.addTestCase(\n  testId,\n  moduleName,\n  this.currentTest.title,\n  process.env.DEVICE_NAME || 'Android Emulator',\n  status,\n  startTime,\n  endTime\n);\nif (status === 'Failed') {\n  logger.error(`x TEST FAILED: ${this.currentTest.title}`);\n  \n  // Capture screenshots and logcat dumps on failure\n  const screenshotPath = await Helpers.captureScreenshot(driver, this.currentTest.title);\n  const logsPath = await Helpers.captureDeviceLogs(driver, this.currentTest.title);\n  \n  let currentActivity = 'Unknown';\n  try {\n    currentActivity = await driver.getCurrentActivity();\n  } catch (e) {\n    logger.warn('Could not retrieve current activity name.');\n  }\n  reporter.addFailedTest(\n    this.currentTest.title,\n    this.currentTest.err ? this.currentTest.err.message : 'Assertion failure',\n    screenshotPath,\n    process.env.DEVICE_NAME || 'Android Emulator',\n    process.env.PLATFORM_VERSION || '13.0',\n    currentActivity\n  );\n  reporter.logStep(\n    this.currentTest.title,\n    'Test Suite Teardown',\n    'FAIL',\n    `Error: ${this.currentTest.err ? this.currentTest.err.message : 'Unknown'}. Logs: ${logsPath}`\n  );\n} else {\n  logger.info(`o TEST PASSED: ${this.currentTest.title}`);\n  reporter.logStep(this.currentTest.title, 'Test Suite Teardown', 'PASS', 'Scenario completed with no errors.');\n}",
              "err": {},
              "uuid": "b4e50909-dc01-4688-ba0a-346c610c8df1",
              "parentUUID": "b048ac27-dd26-4463-bc5f-a76b860545fb",
              "isHook": true,
              "skipped": false
            }
          ],
          "tests": [
            {
              "title": "TC_301_Execute_Complete_Banking_Safety_Workflow",
              "fullTitle": "Full End-to-End User Workflows TC_301_Execute_Complete_Banking_Safety_Workflow",
              "timedOut": false,
              "duration": 0,
              "state": null,
              "speed": null,
              "pass": false,
              "fail": false,
              "pending": false,
              "context": null,
              "code": "this.timeout(180000); // 3 minutes for full flow\n// 1. GUEST LOGIN\nlogger.info('[E2E Step 1] Logging in as Demo Guest');\nawait pages.login.loginAsDemo();\nconst isDashboardVisible = await pages.dashboard.isDisplayed(pages.dashboard.safetyStatusBento);\nexpect(isDashboardVisible).to.be.true;\n// 2. SCAN SMS FOR SPAM\nlogger.info('[E2E Step 2] Navigating to SMS Scanner and scanning message');\nawait pages.dashboard.navigateToSms();\nawait pages.sms.scanSmsText('URGENT: Your bank account has been blocked due to suspicious activity. Click here http://safebank-scam-update.com to update your KYC immediately.');\n\n// Wait for analysis\nconst scanResult = await pages.sms.getScanResult();\nlogger.info(`[E2E Step 2] SMS Scan Result: ${scanResult}`);\nexpect(scanResult.toLowerCase()).to.satisfy(\n  txt => txt.includes('risk') || txt.includes('scam') || txt.includes('block') || txt.includes('kyc') || txt.length > 0\n);\n// 3. SIMULATE CALL VISHING WARNING\nlogger.info('[E2E Step 3] Navigating to Call Alert and simulating OTP scam call');\nawait pages.dashboard.navigateToCall();\nawait pages.call.triggerOtpCallPreset();\n// Verify prediction displays\nconst callPrediction = await pages.call.getCallPrediction();\nlogger.info(`[E2E Step 3] Call Spam Prediction: ${callPrediction}`);\n\n// Hangup simulated call\nawait pages.call.hangupActiveCall();\n// 4. REPORT FRAUD\nlogger.info('[E2E Step 4] Navigating to Report Fraud screen');\n// Swipe list or go back to home, then click report tile\nawait pages.dashboard.navigateToHome();\nawait pages.dashboard.clickReportTile();\n\nawait pages.report.submitReport(\n  'Demo User',\n  '+91 1800 425 3800',\n  'UPI OTP phishing attempt offering immediate account update.'\n);\nlogger.info('[E2E Step 4] Report submitted');\n// 5. PROFILE & SETTINGS CHECKS & LOGOUT\nlogger.info('[E2E Step 5] Navigating to Profile to log out');\nawait pages.dashboard.navigateToProfile();\n\nconst emailVal = await pages.profile.getProfileEmail();\nlogger.info(`[E2E Step 5] Profile email retrieved: ${emailVal}`);\nexpect(emailVal.toLowerCase()).to.include('demo');\nawait pages.profile.logout();\n// Redirect to Login\nconst isLoginButtonVisible = await pages.login.isDisplayed(pages.login.loginSubmitBtn);\nexpect(isLoginButtonVisible).to.be.true;\nlogger.info('[E2E Step 5] Successfully logged out and returned to login screen');",
              "err": {},
              "uuid": "1e7a1385-b6d4-4027-83d7-f08b330faf22",
              "parentUUID": "b048ac27-dd26-4463-bc5f-a76b860545fb",
              "isHook": false,
              "skipped": true
            }
          ],
          "suites": [],
          "passes": [],
          "failures": [],
          "pending": [],
          "skipped": [
            "1e7a1385-b6d4-4027-83d7-f08b330faf22"
          ],
          "duration": 0,
          "root": false,
          "rootEmpty": false,
          "_timeout": 180000
        },
        {
          "uuid": "2f7ac38c-272f-49d0-a845-e8a94f9581b3",
          "title": "Form Rules & Validation Testing",
          "fullFile": "C:\\Users\\Amulya\\Downloads\\safebank-ai-app\\tests\\formValidation.test.js",
          "file": "\\tests\\formValidation.test.js",
          "beforeHooks": [
            {
              "title": "\"before all\" hook for \"TC_101_Verify_Report_Fraud_Empty_Submission_Validation\"",
              "fullTitle": "Form Rules & Validation Testing \"before all\" hook for \"TC_101_Verify_Report_Fraud_Empty_Submission_Validation\"",
              "timedOut": true,
              "duration": 4152378,
              "state": "failed",
              "speed": null,
              "pass": false,
              "fail": true,
              "pending": false,
              "context": null,
              "code": "this.timeout(180000); // Allow 3 minutes for app installation/launch\nlogger.info(`Initializing test driver for module: ${moduleName}`);\ndriver = await DriverFactory.createDriver();\n\n// Instantiate all POM classes\npages.login = new LoginPage(driver);\npages.dashboard = new DashboardPage(driver);\npages.sms = new SmsPage(driver);\npages.call = new CallPage(driver);\npages.report = new ReportPage(driver);\npages.profile = new ProfilePage(driver);",
              "err": {
                "message": "Error: Timeout of 180000ms exceeded. For async tests and hooks, ensure \"done()\" is called; if returning a Promise, ensure it resolves. (C:\\Users\\Amulya\\Downloads\\safebank-ai-app\\tests\\formValidation.test.js)",
                "estack": "Error: Timeout of 180000ms exceeded. For async tests and hooks, ensure \"done()\" is called; if returning a Promise, ensure it resolves. (C:\\Users\\Amulya\\Downloads\\safebank-ai-app\\tests\\formValidation.test.js)\n    at listOnTimeout (node:internal/timers:605:17)\n    at process.processTimers (node:internal/timers:541:7)",
                "diff": null
              },
              "uuid": "f895a167-3ac7-4380-a723-e58261000391",
              "parentUUID": "2f7ac38c-272f-49d0-a845-e8a94f9581b3",
              "isHook": true,
              "skipped": false
            },
            {
              "title": "\"before all\" hook",
              "fullTitle": "Form Rules & Validation Testing \"before all\" hook",
              "timedOut": false,
              "duration": 0,
              "state": null,
              "speed": null,
              "pass": false,
              "fail": false,
              "pending": false,
              "context": null,
              "code": "this.timeout(60000);\npages = context.getPages();\n// Log in to access the dashboard\nawait pages.login.loginAsDemo();",
              "err": {},
              "uuid": "5bf55d34-4da1-4031-9945-c85713548eda",
              "parentUUID": "2f7ac38c-272f-49d0-a845-e8a94f9581b3",
              "isHook": true,
              "skipped": false
            },
            {
              "title": "\"before each\" hook",
              "fullTitle": "Form Rules & Validation Testing \"before each\" hook",
              "timedOut": false,
              "duration": 0,
              "state": null,
              "speed": null,
              "pass": false,
              "fail": false,
              "pending": false,
              "context": null,
              "code": "startTime = new Date();\nlogger.info(`>>> RUNNING TEST: ${this.currentTest.title} <<<`);\nreporter.logStep(this.currentTest.title, 'Test Suite Init', 'SUCCESS', `Starting scenario in module: ${moduleName}`);",
              "err": {},
              "uuid": "0bb92adf-714d-418c-9302-fc57b4818e67",
              "parentUUID": "2f7ac38c-272f-49d0-a845-e8a94f9581b3",
              "isHook": true,
              "skipped": false
            }
          ],
          "afterHooks": [
            {
              "title": "\"after all\" hook in \"Form Rules & Validation Testing\"",
              "fullTitle": "Form Rules & Validation Testing \"after all\" hook in \"Form Rules & Validation Testing\"",
              "timedOut": false,
              "duration": 3,
              "state": null,
              "speed": null,
              "pass": false,
              "fail": false,
              "pending": false,
              "context": null,
              "code": "logger.info(`Tearing down driver for module: ${moduleName}`);\nawait DriverFactory.quitDriver(driver);",
              "err": {},
              "uuid": "bc2ddfb1-efd4-4248-baca-8a61688f12dd",
              "parentUUID": "2f7ac38c-272f-49d0-a845-e8a94f9581b3",
              "isHook": true,
              "skipped": false
            },
            {
              "title": "\"after each\" hook",
              "fullTitle": "Form Rules & Validation Testing \"after each\" hook",
              "timedOut": false,
              "duration": 0,
              "state": null,
              "speed": null,
              "pass": false,
              "fail": false,
              "pending": false,
              "context": null,
              "code": "const status = this.currentTest.state === 'passed' ? 'Passed' : (this.currentTest.state === 'failed' ? 'Failed' : 'Skipped');\nconst endTime = new Date();\n\n// Auto-parse Test ID from naming convention e.g., \"TC_001_Verify_Login\" -> \"TC_001\"\nconst words = this.currentTest.title.split('_');\nconst testId = words[0] && words[0].startsWith('TC') ? words[0] : 'TC_GEN';\nreporter.addTestCase(\n  testId,\n  moduleName,\n  this.currentTest.title,\n  process.env.DEVICE_NAME || 'Android Emulator',\n  status,\n  startTime,\n  endTime\n);\nif (status === 'Failed') {\n  logger.error(`x TEST FAILED: ${this.currentTest.title}`);\n  \n  // Capture screenshots and logcat dumps on failure\n  const screenshotPath = await Helpers.captureScreenshot(driver, this.currentTest.title);\n  const logsPath = await Helpers.captureDeviceLogs(driver, this.currentTest.title);\n  \n  let currentActivity = 'Unknown';\n  try {\n    currentActivity = await driver.getCurrentActivity();\n  } catch (e) {\n    logger.warn('Could not retrieve current activity name.');\n  }\n  reporter.addFailedTest(\n    this.currentTest.title,\n    this.currentTest.err ? this.currentTest.err.message : 'Assertion failure',\n    screenshotPath,\n    process.env.DEVICE_NAME || 'Android Emulator',\n    process.env.PLATFORM_VERSION || '13.0',\n    currentActivity\n  );\n  reporter.logStep(\n    this.currentTest.title,\n    'Test Suite Teardown',\n    'FAIL',\n    `Error: ${this.currentTest.err ? this.currentTest.err.message : 'Unknown'}. Logs: ${logsPath}`\n  );\n} else {\n  logger.info(`o TEST PASSED: ${this.currentTest.title}`);\n  reporter.logStep(this.currentTest.title, 'Test Suite Teardown', 'PASS', 'Scenario completed with no errors.');\n}",
              "err": {},
              "uuid": "aac8cdbf-e6b9-4186-a8a0-332ddc8cf477",
              "parentUUID": "2f7ac38c-272f-49d0-a845-e8a94f9581b3",
              "isHook": true,
              "skipped": false
            }
          ],
          "tests": [
            {
              "title": "TC_101_Verify_Report_Fraud_Empty_Submission_Validation",
              "fullTitle": "Form Rules & Validation Testing TC_101_Verify_Report_Fraud_Empty_Submission_Validation",
              "timedOut": false,
              "duration": 0,
              "state": null,
              "speed": null,
              "pass": false,
              "fail": false,
              "pending": false,
              "context": null,
              "code": "this.timeout(30000);\n// Navigate to Report Fraud page via dashboard tile\nawait pages.dashboard.clickReportTile();\n// Click submit directly with empty fields\nawait pages.report.click(pages.report.reportSubmitBtn);\n// Verify confirmation message does not display\nconst isSubmitted = await pages.report.isReportSubmittedSuccessfully();\nexpect(isSubmitted).to.be.false;",
              "err": {},
              "uuid": "0cbbc494-bcc0-4098-ae06-b243709c70a6",
              "parentUUID": "2f7ac38c-272f-49d0-a845-e8a94f9581b3",
              "isHook": false,
              "skipped": true
            },
            {
              "title": "TC_102_Verify_Report_Fraud_Successful_Submission",
              "fullTitle": "Form Rules & Validation Testing TC_102_Verify_Report_Fraud_Successful_Submission",
              "timedOut": false,
              "duration": 0,
              "state": null,
              "speed": null,
              "pass": false,
              "fail": false,
              "pending": false,
              "context": null,
              "code": "this.timeout(45000);\n// Fill in values\nawait pages.report.submitReport(\n  'Amulya Sen',\n  '+91 98765 43210',\n  'UPI ID lottery scam offering 1 Lakh rupees prize.'\n);\n// Verify submission is processed\n// On Compose UI, submitting reports adds to DB or pops up successful message\n// In demo mode or local Room DB, this is inserted instantly\nconst isSubmitted = await pages.report.isReportSubmittedSuccessfully();\n// In Compose UI, validation messages or snackbar will display. If not explicit, check input clearing.\n// If confirmation isn't displayed, check if fields are empty (form cleared after successful submit)\nconst nameVal = await pages.report.getText(pages.report.reportNameInput);\nexpect(nameVal).to.satisfy(val => val === '' || val === 'Amulya Sen' || isSubmitted === true);",
              "err": {},
              "uuid": "2a7d9ead-04ca-43d3-8142-64f6b3133040",
              "parentUUID": "2f7ac38c-272f-49d0-a845-e8a94f9581b3",
              "isHook": false,
              "skipped": true
            }
          ],
          "suites": [],
          "passes": [],
          "failures": [],
          "pending": [],
          "skipped": [
            "0cbbc494-bcc0-4098-ae06-b243709c70a6",
            "2a7d9ead-04ca-43d3-8142-64f6b3133040"
          ],
          "duration": 0,
          "root": false,
          "rootEmpty": false,
          "_timeout": 180000
        },
        {
          "uuid": "34bdba7d-4449-4de5-84c1-f80ded1f8539",
          "title": "Gesture Automation & Scroll Validation",
          "fullFile": "C:\\Users\\Amulya\\Downloads\\safebank-ai-app\\tests\\gestures.test.js",
          "file": "\\tests\\gestures.test.js",
          "beforeHooks": [
            {
              "title": "\"before all\" hook for \"TC_201_Verify_Dashboard_List_Scrolling\"",
              "fullTitle": "Gesture Automation & Scroll Validation \"before all\" hook for \"TC_201_Verify_Dashboard_List_Scrolling\"",
              "timedOut": true,
              "duration": 21815295,
              "state": "failed",
              "speed": null,
              "pass": false,
              "fail": true,
              "pending": false,
              "context": null,
              "code": "this.timeout(180000); // Allow 3 minutes for app installation/launch\nlogger.info(`Initializing test driver for module: ${moduleName}`);\ndriver = await DriverFactory.createDriver();\n\n// Instantiate all POM classes\npages.login = new LoginPage(driver);\npages.dashboard = new DashboardPage(driver);\npages.sms = new SmsPage(driver);\npages.call = new CallPage(driver);\npages.report = new ReportPage(driver);\npages.profile = new ProfilePage(driver);",
              "err": {
                "message": "Error: Timeout of 180000ms exceeded. For async tests and hooks, ensure \"done()\" is called; if returning a Promise, ensure it resolves. (C:\\Users\\Amulya\\Downloads\\safebank-ai-app\\tests\\gestures.test.js)",
                "estack": "Error: Timeout of 180000ms exceeded. For async tests and hooks, ensure \"done()\" is called; if returning a Promise, ensure it resolves. (C:\\Users\\Amulya\\Downloads\\safebank-ai-app\\tests\\gestures.test.js)\n    at listOnTimeout (node:internal/timers:605:17)\n    at process.processTimers (node:internal/timers:541:7)",
                "diff": null
              },
              "uuid": "12646fa9-aa96-4414-8ccb-ef6ab3c1e5ee",
              "parentUUID": "34bdba7d-4449-4de5-84c1-f80ded1f8539",
              "isHook": true,
              "skipped": false
            },
            {
              "title": "\"before all\" hook",
              "fullTitle": "Gesture Automation & Scroll Validation \"before all\" hook",
              "timedOut": false,
              "duration": 0,
              "state": null,
              "speed": null,
              "pass": false,
              "fail": false,
              "pending": false,
              "context": null,
              "code": "this.timeout(60000);\ndriver = context.getDriver();\npages = context.getPages();\n// Log in to access lists\nawait pages.login.loginAsDemo();",
              "err": {},
              "uuid": "21c3bafb-3986-4674-b169-6597f80aa977",
              "parentUUID": "34bdba7d-4449-4de5-84c1-f80ded1f8539",
              "isHook": true,
              "skipped": false
            },
            {
              "title": "\"before each\" hook",
              "fullTitle": "Gesture Automation & Scroll Validation \"before each\" hook",
              "timedOut": false,
              "duration": 0,
              "state": null,
              "speed": null,
              "pass": false,
              "fail": false,
              "pending": false,
              "context": null,
              "code": "startTime = new Date();\nlogger.info(`>>> RUNNING TEST: ${this.currentTest.title} <<<`);\nreporter.logStep(this.currentTest.title, 'Test Suite Init', 'SUCCESS', `Starting scenario in module: ${moduleName}`);",
              "err": {},
              "uuid": "5f4d7872-19ac-4711-9175-9f30df331df6",
              "parentUUID": "34bdba7d-4449-4de5-84c1-f80ded1f8539",
              "isHook": true,
              "skipped": false
            }
          ],
          "afterHooks": [
            {
              "title": "\"after all\" hook in \"Gesture Automation & Scroll Validation\"",
              "fullTitle": "Gesture Automation & Scroll Validation \"after all\" hook in \"Gesture Automation & Scroll Validation\"",
              "timedOut": false,
              "duration": 61,
              "state": null,
              "speed": null,
              "pass": false,
              "fail": false,
              "pending": false,
              "context": null,
              "code": "logger.info(`Tearing down driver for module: ${moduleName}`);\nawait DriverFactory.quitDriver(driver);",
              "err": {},
              "uuid": "489015f1-b669-45e0-aa62-33a38116dbd0",
              "parentUUID": "34bdba7d-4449-4de5-84c1-f80ded1f8539",
              "isHook": true,
              "skipped": false
            },
            {
              "title": "\"after each\" hook",
              "fullTitle": "Gesture Automation & Scroll Validation \"after each\" hook",
              "timedOut": false,
              "duration": 0,
              "state": null,
              "speed": null,
              "pass": false,
              "fail": false,
              "pending": false,
              "context": null,
              "code": "const status = this.currentTest.state === 'passed' ? 'Passed' : (this.currentTest.state === 'failed' ? 'Failed' : 'Skipped');\nconst endTime = new Date();\n\n// Auto-parse Test ID from naming convention e.g., \"TC_001_Verify_Login\" -> \"TC_001\"\nconst words = this.currentTest.title.split('_');\nconst testId = words[0] && words[0].startsWith('TC') ? words[0] : 'TC_GEN';\nreporter.addTestCase(\n  testId,\n  moduleName,\n  this.currentTest.title,\n  process.env.DEVICE_NAME || 'Android Emulator',\n  status,\n  startTime,\n  endTime\n);\nif (status === 'Failed') {\n  logger.error(`x TEST FAILED: ${this.currentTest.title}`);\n  \n  // Capture screenshots and logcat dumps on failure\n  const screenshotPath = await Helpers.captureScreenshot(driver, this.currentTest.title);\n  const logsPath = await Helpers.captureDeviceLogs(driver, this.currentTest.title);\n  \n  let currentActivity = 'Unknown';\n  try {\n    currentActivity = await driver.getCurrentActivity();\n  } catch (e) {\n    logger.warn('Could not retrieve current activity name.');\n  }\n  reporter.addFailedTest(\n    this.currentTest.title,\n    this.currentTest.err ? this.currentTest.err.message : 'Assertion failure',\n    screenshotPath,\n    process.env.DEVICE_NAME || 'Android Emulator',\n    process.env.PLATFORM_VERSION || '13.0',\n    currentActivity\n  );\n  reporter.logStep(\n    this.currentTest.title,\n    'Test Suite Teardown',\n    'FAIL',\n    `Error: ${this.currentTest.err ? this.currentTest.err.message : 'Unknown'}. Logs: ${logsPath}`\n  );\n} else {\n  logger.info(`o TEST PASSED: ${this.currentTest.title}`);\n  reporter.logStep(this.currentTest.title, 'Test Suite Teardown', 'PASS', 'Scenario completed with no errors.');\n}",
              "err": {},
              "uuid": "e91b7469-3c80-440c-ac49-fa4173dc8c13",
              "parentUUID": "34bdba7d-4449-4de5-84c1-f80ded1f8539",
              "isHook": true,
              "skipped": false
            }
          ],
          "tests": [
            {
              "title": "TC_201_Verify_Dashboard_List_Scrolling",
              "fullTitle": "Gesture Automation & Scroll Validation TC_201_Verify_Dashboard_List_Scrolling",
              "timedOut": false,
              "duration": 0,
              "state": null,
              "speed": null,
              "pass": false,
              "fail": false,
              "pending": false,
              "context": null,
              "code": "this.timeout(45000);\n// Verify dashboard scroll list is displayed\nconst scrollList = await pages.dashboard.isDisplayed(pages.dashboard.dashboardScroll);\n\n// Perform swipe gestures to scroll down and up on the dashboard screen\nawait Gestures.swipeUp(driver);\nawait new Promise(resolve => setTimeout(resolve, 1000));\n\nawait Gestures.swipeDown(driver);\nawait new Promise(resolve => setTimeout(resolve, 1000));\n\nexpect(true).to.be.true; // Gestures ran without throwing errors",
              "err": {},
              "uuid": "68fb3186-233e-4389-9c42-e32f2ef7043f",
              "parentUUID": "34bdba7d-4449-4de5-84c1-f80ded1f8539",
              "isHook": false,
              "skipped": true
            },
            {
              "title": "TC_202_Verify_Scroll_Until_Visible_In_Learning_Hub",
              "fullTitle": "Gesture Automation & Scroll Validation TC_202_Verify_Scroll_Until_Visible_In_Learning_Hub",
              "timedOut": false,
              "duration": 0,
              "state": null,
              "speed": null,
              "pass": false,
              "fail": false,
              "pending": false,
              "context": null,
              "code": "this.timeout(60000);\n// Navigate to learning tab\nawait pages.dashboard.navigateToLearning();\n// Scroll until specific text/element in tutorials scroll list is displayed\n// SafeBankApp.kt contains local safety tips\nconst targetTipSelector = '//*[@text[contains(.,\"OTP\") or contains(.,\"UPI\") or contains(.,\"Card\") or contains(.,\"Safe\") or contains(.,\"Scam\")]]';\n\nconst element = await Gestures.scrollUntilVisible(driver, targetTipSelector, 5);\nconst isVisible = await element.isDisplayed();\nexpect(isVisible).to.be.true;",
              "err": {},
              "uuid": "f05c4148-ae2e-447e-a600-f361cd2c609a",
              "parentUUID": "34bdba7d-4449-4de5-84c1-f80ded1f8539",
              "isHook": false,
              "skipped": true
            }
          ],
          "suites": [],
          "passes": [],
          "failures": [],
          "pending": [],
          "skipped": [
            "68fb3186-233e-4389-9c42-e32f2ef7043f",
            "f05c4148-ae2e-447e-a600-f361cd2c609a"
          ],
          "duration": 0,
          "root": false,
          "rootEmpty": false,
          "_timeout": 180000
        }
      ],
      "passes": [],
      "failures": [],
      "pending": [],
      "skipped": [],
      "duration": 0,
      "root": true,
      "rootEmpty": true,
      "_timeout": 180000
    }
  ],
  "meta": {
    "mocha": {
      "version": "10.8.2"
    },
    "mochawesome": {
      "options": {
        "quiet": false,
        "reportFilename": "mochawesome-report",
        "saveHtml": true,
        "saveJson": true,
        "consoleReporter": "spec",
        "useInlineDiffs": false,
        "code": true
      },
      "version": "7.1.4"
    },
    "marge": {
      "options": {
        "reportDir": "reports",
        "reportFilename": "mochawesome-report",
        "html": "true",
        "json": "true"
      },
      "version": "6.3.2"
    }
  }
}