{
  "stats": {
    "suites": 10,
    "tests": 52,
    "passes": 41,
    "pending": 11,
    "failures": 0,
    "start": "2026-06-15T18:24:11.423Z",
    "end": "2026-06-15T18:42:21.446Z",
    "duration": 1090023,
    "testsRegistered": 52,
    "passPercent": 100,
    "pendingPercent": 21.153846153846153,
    "other": 0,
    "hasOther": false,
    "skipped": 0,
    "hasSkipped": false
  },
  "results": [
    {
      "uuid": "fc8ce50e-1925-4361-beb6-f4cf8ef6da6f",
      "title": "",
      "fullFile": "",
      "file": "",
      "beforeHooks": [],
      "afterHooks": [
        {
          "title": "\"after all\" hook in \"{root}\"",
          "fullTitle": "\"after all\" hook in \"{root}\"",
          "timedOut": false,
          "duration": 59,
          "state": null,
          "speed": null,
          "pass": false,
          "fail": false,
          "pending": false,
          "context": null,
          "code": "this.timeout(30000);\nlogger.info('ALL TEST SUITES COMPLETED. Generating Excel report...');\nconst reporter = ExcelReporter.getInstance();\nawait reporter.generateReport(\n  process.env.DEVICE_NAME || 'Android Emulator',\n  process.env.PLATFORM_VERSION || '13.0'\n);",
          "err": {},
          "uuid": "dd450889-116b-4784-8b91-a71ffa15ca5d",
          "parentUUID": "fc8ce50e-1925-4361-beb6-f4cf8ef6da6f",
          "isHook": true,
          "skipped": false
        }
      ],
      "tests": [],
      "suites": [
        {
          "uuid": "2a3054e1-9747-4886-ac35-328a6cd4c861",
          "title": "Admin Panel & Logs Audits",
          "fullFile": "C:\\Users\\Amulya\\Downloads\\safebank-ai-app\\tests\\admin.test.js",
          "file": "\\tests\\admin.test.js",
          "beforeHooks": [
            {
              "title": "\"before all\" hook in \"Admin Panel & Logs Audits\"",
              "fullTitle": "Admin Panel & Logs Audits \"before all\" hook in \"Admin Panel & Logs Audits\"",
              "timedOut": false,
              "duration": 22670,
              "state": null,
              "speed": null,
              "pass": false,
              "fail": false,
              "pending": false,
              "context": null,
              "code": "this.timeout(180000); // Allow 3 minutes for app installation/launch\nlogger.info(`Initializing test driver for module: ${moduleName}`);\ndriver = await DriverFactory.createDriver();\n\n// Instantiate all POM classes\npages.login = new LoginPage(driver);\npages.dashboard = new DashboardPage(driver);\npages.sms = new SmsPage(driver);\npages.call = new CallPage(driver);\npages.report = new ReportPage(driver);\npages.profile = new ProfilePage(driver);\npages.chatbot = new ChatbotPage(driver);\npages.sos = new SosPage(driver);\npages.settings = new SettingsPage(driver);\npages.admin = new AdminPage(driver);\n// Relaunch the app to ensure clean initial UI state and clear old persistent error views\nlogger.info('Relaunching app to reset UI state...');\ntry {\n  await driver.terminateApp('com.safebank.ai');\n  await new Promise(resolve => setTimeout(resolve, 2000));\n  await driver.activateApp('com.safebank.ai');\n  await new Promise(resolve => setTimeout(resolve, 4000));\n} catch (e) {\n  logger.warn('Failed to relaunch app during setup:', e.message);\n}",
              "err": {},
              "uuid": "87a4134a-0a8c-4aac-af7a-9b4018bf44ee",
              "parentUUID": "2a3054e1-9747-4886-ac35-328a6cd4c861",
              "isHook": true,
              "skipped": false
            },
            {
              "title": "\"before all\" hook in \"Admin Panel & Logs Audits\"",
              "fullTitle": "Admin Panel & Logs Audits \"before all\" hook in \"Admin Panel & Logs Audits\"",
              "timedOut": false,
              "duration": 684,
              "state": null,
              "speed": null,
              "pass": false,
              "fail": false,
              "pending": false,
              "context": null,
              "code": "this.timeout(180000);\npages = context.getPages();\nawait pages.login.ensureLoggedIn();",
              "err": {},
              "uuid": "2d45893b-d9c1-465d-b14c-2292ccebe629",
              "parentUUID": "2a3054e1-9747-4886-ac35-328a6cd4c861",
              "isHook": true,
              "skipped": false
            },
            {
              "title": "\"before each\" hook in \"Admin Panel & Logs Audits\"",
              "fullTitle": "Admin Panel & Logs Audits \"before each\" hook in \"Admin Panel & Logs Audits\"",
              "timedOut": false,
              "duration": 2,
              "state": null,
              "speed": null,
              "pass": false,
              "fail": false,
              "pending": false,
              "context": null,
              "code": "startTime = new Date();\nlogger.info(`>>> RUNNING TEST: ${this.currentTest.title} <<<`);\nreporter.logStep(this.currentTest.title, 'Test Suite Init', 'SUCCESS', `Starting scenario in module: ${moduleName}`);",
              "err": {},
              "uuid": "a6280bab-cb95-40ab-92a3-198d1c2142ea",
              "parentUUID": "2a3054e1-9747-4886-ac35-328a6cd4c861",
              "isHook": true,
              "skipped": false
            }
          ],
          "afterHooks": [
            {
              "title": "\"after all\" hook in \"Admin Panel & Logs Audits\"",
              "fullTitle": "Admin Panel & Logs Audits \"after all\" hook in \"Admin Panel & Logs Audits\"",
              "timedOut": false,
              "duration": 3883,
              "state": null,
              "speed": null,
              "pass": false,
              "fail": false,
              "pending": false,
              "context": null,
              "code": "logger.info(`Tearing down driver for module: ${moduleName}`);\nawait DriverFactory.quitDriver(driver);",
              "err": {},
              "uuid": "15de8724-9dae-49be-9529-ca3d65e41279",
              "parentUUID": "2a3054e1-9747-4886-ac35-328a6cd4c861",
              "isHook": true,
              "skipped": false
            },
            {
              "title": "\"after each\" hook in \"Admin Panel & Logs Audits\"",
              "fullTitle": "Admin Panel & Logs Audits \"after each\" hook in \"Admin Panel & Logs Audits\"",
              "timedOut": false,
              "duration": 9,
              "state": null,
              "speed": null,
              "pass": false,
              "fail": false,
              "pending": false,
              "context": null,
              "code": "const status = this.currentTest.state === 'passed' ? 'Passed' : (this.currentTest.state === 'failed' ? 'Failed' : 'Skipped');\nconst endTime = new Date();\n\n// Auto-parse Test ID from naming convention e.g., \"TC_001_Verify_Login\" -> \"TC_001\"\nconst words = this.currentTest.title.split('_');\nconst testId = words[0] && words[0].startsWith('TC') ? words[0] : 'TC_GEN';\nreporter.addTestCase(\n  testId,\n  moduleName,\n  this.currentTest.title,\n  process.env.DEVICE_NAME || 'Android Emulator',\n  status,\n  startTime,\n  endTime\n);\nif (status === 'Failed') {\n  logger.error(`x TEST FAILED: ${this.currentTest.title}`);\n  \n  // Capture screenshots and logcat dumps on failure\n  const screenshotPath = await Helpers.captureScreenshot(driver, this.currentTest.title);\n  const logsPath = await Helpers.captureDeviceLogs(driver, this.currentTest.title);\n  \n  let currentActivity = 'Unknown';\n  try {\n    currentActivity = await driver.getCurrentActivity();\n  } catch (e) {\n    logger.warn('Could not retrieve current activity name.');\n  }\n  reporter.addFailedTest(\n    this.currentTest.title,\n    this.currentTest.err ? this.currentTest.err.message : 'Assertion failure',\n    screenshotPath,\n    process.env.DEVICE_NAME || 'Android Emulator',\n    process.env.PLATFORM_VERSION || '13.0',\n    currentActivity\n  );\n  reporter.logStep(\n    this.currentTest.title,\n    'Test Suite Teardown',\n    'FAIL',\n    `Error: ${this.currentTest.err ? this.currentTest.err.message : 'Unknown'}. Logs: ${logsPath}`\n  );\n} else {\n  logger.info(`o TEST PASSED: ${this.currentTest.title}`);\n  reporter.logStep(this.currentTest.title, 'Test Suite Teardown', 'PASS', 'Scenario completed with no errors.');\n}",
              "err": {},
              "uuid": "017b4d12-905b-4a8e-b5ab-9cb6ed7d23a9",
              "parentUUID": "2a3054e1-9747-4886-ac35-328a6cd4c861",
              "isHook": true,
              "skipped": false
            }
          ],
          "tests": [
            {
              "title": "TC_901_Verify_Admin_Panel_Navigation_And_Data_Display",
              "fullTitle": "Admin Panel & Logs Audits TC_901_Verify_Admin_Panel_Navigation_And_Data_Display",
              "timedOut": false,
              "duration": 10597,
              "state": "passed",
              "speed": "slow",
              "pass": true,
              "fail": false,
              "pending": false,
              "context": null,
              "code": "this.timeout(45000);\nawait pages.dashboard.navigateToHome();\n\n// Tap admin button on the bottom of the home dashboard\nawait pages.dashboard.clickAdminButton();\nawait new Promise(resolve => setTimeout(resolve, 2000));\n// Confirm that admin panel is displayed\nconst isTitleVisible = await pages.admin.isAdminTitleDisplayed();\nexpect(isTitleVisible).to.be.true;",
              "err": {},
              "uuid": "1ed09b9b-b3ce-4824-9c97-1229c4d48bf8",
              "parentUUID": "2a3054e1-9747-4886-ac35-328a6cd4c861",
              "isHook": false,
              "skipped": false
            }
          ],
          "suites": [],
          "passes": [
            "1ed09b9b-b3ce-4824-9c97-1229c4d48bf8"
          ],
          "failures": [],
          "pending": [],
          "skipped": [],
          "duration": 10597,
          "root": false,
          "rootEmpty": false,
          "_timeout": 180000
        },
        {
          "uuid": "7617aaec-102e-4703-b29b-f2e906740bbf",
          "title": "Authentication & Session Management",
          "fullFile": "C:\\Users\\Amulya\\Downloads\\safebank-ai-app\\tests\\auth.test.js",
          "file": "\\tests\\auth.test.js",
          "beforeHooks": [
            {
              "title": "\"before all\" hook in \"Authentication & Session Management\"",
              "fullTitle": "Authentication & Session Management \"before all\" hook in \"Authentication & Session Management\"",
              "timedOut": false,
              "duration": 18832,
              "state": null,
              "speed": null,
              "pass": false,
              "fail": false,
              "pending": false,
              "context": null,
              "code": "this.timeout(180000); // Allow 3 minutes for app installation/launch\nlogger.info(`Initializing test driver for module: ${moduleName}`);\ndriver = await DriverFactory.createDriver();\n\n// Instantiate all POM classes\npages.login = new LoginPage(driver);\npages.dashboard = new DashboardPage(driver);\npages.sms = new SmsPage(driver);\npages.call = new CallPage(driver);\npages.report = new ReportPage(driver);\npages.profile = new ProfilePage(driver);\npages.chatbot = new ChatbotPage(driver);\npages.sos = new SosPage(driver);\npages.settings = new SettingsPage(driver);\npages.admin = new AdminPage(driver);\n// Relaunch the app to ensure clean initial UI state and clear old persistent error views\nlogger.info('Relaunching app to reset UI state...');\ntry {\n  await driver.terminateApp('com.safebank.ai');\n  await new Promise(resolve => setTimeout(resolve, 2000));\n  await driver.activateApp('com.safebank.ai');\n  await new Promise(resolve => setTimeout(resolve, 4000));\n} catch (e) {\n  logger.warn('Failed to relaunch app during setup:', e.message);\n}",
              "err": {},
              "uuid": "481646e1-bc94-4043-b1a7-2f75a98cc6b7",
              "parentUUID": "7617aaec-102e-4703-b29b-f2e906740bbf",
              "isHook": true,
              "skipped": false
            },
            {
              "title": "\"before all\" hook in \"Authentication & Session Management\"",
              "fullTitle": "Authentication & Session Management \"before all\" hook in \"Authentication & Session Management\"",
              "timedOut": false,
              "duration": 57078,
              "state": null,
              "speed": null,
              "pass": false,
              "fail": false,
              "pending": false,
              "context": null,
              "code": "this.timeout(180000);\npages = context.getPages();\nawait pages.login.ensureLoggedOut();",
              "err": {},
              "uuid": "a8d482fa-e2b2-44ce-b77e-ad9319b8017f",
              "parentUUID": "7617aaec-102e-4703-b29b-f2e906740bbf",
              "isHook": true,
              "skipped": false
            },
            {
              "title": "\"before each\" hook in \"Authentication & Session Management\"",
              "fullTitle": "Authentication & Session Management \"before each\" hook in \"Authentication & Session Management\"",
              "timedOut": false,
              "duration": 0,
              "state": null,
              "speed": null,
              "pass": false,
              "fail": false,
              "pending": false,
              "context": null,
              "code": "startTime = new Date();\nlogger.info(`>>> RUNNING TEST: ${this.currentTest.title} <<<`);\nreporter.logStep(this.currentTest.title, 'Test Suite Init', 'SUCCESS', `Starting scenario in module: ${moduleName}`);",
              "err": {},
              "uuid": "59066462-8e7b-48ec-b15b-e85d8485ffe9",
              "parentUUID": "7617aaec-102e-4703-b29b-f2e906740bbf",
              "isHook": true,
              "skipped": false
            }
          ],
          "afterHooks": [
            {
              "title": "\"after all\" hook in \"Authentication & Session Management\"",
              "fullTitle": "Authentication & Session Management \"after all\" hook in \"Authentication & Session Management\"",
              "timedOut": false,
              "duration": 3987,
              "state": null,
              "speed": null,
              "pass": false,
              "fail": false,
              "pending": false,
              "context": null,
              "code": "logger.info(`Tearing down driver for module: ${moduleName}`);\nawait DriverFactory.quitDriver(driver);",
              "err": {},
              "uuid": "cd633647-0974-4e21-b227-bed05e9396a3",
              "parentUUID": "7617aaec-102e-4703-b29b-f2e906740bbf",
              "isHook": true,
              "skipped": false
            },
            {
              "title": "\"after each\" hook in \"Authentication & Session Management\"",
              "fullTitle": "Authentication & Session Management \"after each\" hook in \"Authentication & Session Management\"",
              "timedOut": false,
              "duration": 1,
              "state": null,
              "speed": null,
              "pass": false,
              "fail": false,
              "pending": false,
              "context": null,
              "code": "const status = this.currentTest.state === 'passed' ? 'Passed' : (this.currentTest.state === 'failed' ? 'Failed' : 'Skipped');\nconst endTime = new Date();\n\n// Auto-parse Test ID from naming convention e.g., \"TC_001_Verify_Login\" -> \"TC_001\"\nconst words = this.currentTest.title.split('_');\nconst testId = words[0] && words[0].startsWith('TC') ? words[0] : 'TC_GEN';\nreporter.addTestCase(\n  testId,\n  moduleName,\n  this.currentTest.title,\n  process.env.DEVICE_NAME || 'Android Emulator',\n  status,\n  startTime,\n  endTime\n);\nif (status === 'Failed') {\n  logger.error(`x TEST FAILED: ${this.currentTest.title}`);\n  \n  // Capture screenshots and logcat dumps on failure\n  const screenshotPath = await Helpers.captureScreenshot(driver, this.currentTest.title);\n  const logsPath = await Helpers.captureDeviceLogs(driver, this.currentTest.title);\n  \n  let currentActivity = 'Unknown';\n  try {\n    currentActivity = await driver.getCurrentActivity();\n  } catch (e) {\n    logger.warn('Could not retrieve current activity name.');\n  }\n  reporter.addFailedTest(\n    this.currentTest.title,\n    this.currentTest.err ? this.currentTest.err.message : 'Assertion failure',\n    screenshotPath,\n    process.env.DEVICE_NAME || 'Android Emulator',\n    process.env.PLATFORM_VERSION || '13.0',\n    currentActivity\n  );\n  reporter.logStep(\n    this.currentTest.title,\n    'Test Suite Teardown',\n    'FAIL',\n    `Error: ${this.currentTest.err ? this.currentTest.err.message : 'Unknown'}. Logs: ${logsPath}`\n  );\n} else {\n  logger.info(`o TEST PASSED: ${this.currentTest.title}`);\n  reporter.logStep(this.currentTest.title, 'Test Suite Teardown', 'PASS', 'Scenario completed with no errors.');\n}",
              "err": {},
              "uuid": "2abf0dea-8647-490d-81fc-e56987dffc49",
              "parentUUID": "7617aaec-102e-4703-b29b-f2e906740bbf",
              "isHook": true,
              "skipped": false
            }
          ],
          "tests": [
            {
              "title": "TC_001_Verify_Login_Validation_Empty_Fields",
              "fullTitle": "Authentication & Session Management TC_001_Verify_Login_Validation_Empty_Fields",
              "timedOut": false,
              "duration": 17632,
              "state": "passed",
              "speed": "slow",
              "pass": true,
              "fail": false,
              "pending": false,
              "context": null,
              "code": "this.timeout(120000);\n// Click submit directly with empty fields\nawait pages.login.click(pages.login.loginSubmitBtn);\n\n// Check validation message\nconst errorMsg = await pages.login.getErrorMessage();\nexpect(errorMsg.toLowerCase()).to.include('please enter');",
              "err": {},
              "uuid": "6767971f-eecc-4509-8c3e-618c2ced045c",
              "parentUUID": "7617aaec-102e-4703-b29b-f2e906740bbf",
              "isHook": false,
              "skipped": false
            },
            {
              "title": "TC_002_Verify_Login_Validation_Invalid_Format",
              "fullTitle": "Authentication & Session Management TC_002_Verify_Login_Validation_Invalid_Format",
              "timedOut": false,
              "duration": 15892,
              "state": "passed",
              "speed": "slow",
              "pass": true,
              "fail": false,
              "pending": false,
              "context": null,
              "code": "this.timeout(120000);\n// Submit login with invalid formatted email\nawait pages.login.login('invalidemail', 'short');\n\n// Check validation message\nconst errorMsg = await pages.login.getErrorMessage();\nexpect(errorMsg.toLowerCase()).to.satisfy(\n  err => err.includes('invalid') || err.includes('error') || err.includes('please enter') || err.length > 0\n);",
              "err": {},
              "uuid": "c44fa2d7-6b98-4d95-b312-2d4cc1676ff3",
              "parentUUID": "7617aaec-102e-4703-b29b-f2e906740bbf",
              "isHook": false,
              "skipped": false
            },
            {
              "title": "TC_003_Verify_OTP_Login_Bypass",
              "fullTitle": "Authentication & Session Management TC_003_Verify_OTP_Login_Bypass",
              "timedOut": false,
              "duration": 11870,
              "state": "passed",
              "speed": "slow",
              "pass": true,
              "fail": false,
              "pending": false,
              "context": null,
              "code": "this.timeout(120000);\n// Log in using the OTP bypass flow\nawait pages.login.loginAsDemo();\n// Verify dashboard displays\nconst isDashboardVisible = await pages.dashboard.isDisplayed(pages.dashboard.safetyStatusBento);\nexpect(isDashboardVisible).to.be.true;",
              "err": {},
              "uuid": "4c41b5cb-8b41-4ef3-b14a-2c8477100fdd",
              "parentUUID": "7617aaec-102e-4703-b29b-f2e906740bbf",
              "isHook": false,
              "skipped": false
            },
            {
              "title": "TC_004_Verify_Logout_Functionality",
              "fullTitle": "Authentication & Session Management TC_004_Verify_Logout_Functionality",
              "timedOut": false,
              "duration": 11539,
              "state": "passed",
              "speed": "slow",
              "pass": true,
              "fail": false,
              "pending": false,
              "context": null,
              "code": "this.timeout(120000);\n// Navigate to profile tab\nawait pages.dashboard.navigateToProfile();\n// Click logout\nawait pages.profile.logout();\n// Verify redirected back to Login screen\nconst isLoginButtonVisible = await pages.login.isDisplayed(pages.login.loginSubmitBtn);\nexpect(isLoginButtonVisible).to.be.true;",
              "err": {},
              "uuid": "45f0dd8b-5566-4794-97ab-a99e10085245",
              "parentUUID": "7617aaec-102e-4703-b29b-f2e906740bbf",
              "isHook": false,
              "skipped": false
            },
            {
              "title": "TC_005_Verify_Login_With_OTP_Toggle",
              "fullTitle": "Authentication & Session Management TC_005_Verify_Login_With_OTP_Toggle",
              "timedOut": false,
              "duration": 0,
              "state": "pending",
              "speed": null,
              "pass": false,
              "fail": false,
              "pending": true,
              "context": null,
              "code": "",
              "err": {},
              "uuid": "89323c72-2da1-4211-99b8-fc22ccc5e6a8",
              "parentUUID": "7617aaec-102e-4703-b29b-f2e906740bbf",
              "isHook": false,
              "skipped": false
            },
            {
              "title": "TC_006_Verify_OTP_Request_Valid_Email",
              "fullTitle": "Authentication & Session Management TC_006_Verify_OTP_Request_Valid_Email",
              "timedOut": false,
              "duration": 0,
              "state": "pending",
              "speed": null,
              "pass": false,
              "fail": false,
              "pending": true,
              "context": null,
              "code": "",
              "err": {},
              "uuid": "20743671-4ce3-4634-b030-ea20abd69144",
              "parentUUID": "7617aaec-102e-4703-b29b-f2e906740bbf",
              "isHook": false,
              "skipped": false
            },
            {
              "title": "TC_007_Verify_OTP_Request_Invalid_Email",
              "fullTitle": "Authentication & Session Management TC_007_Verify_OTP_Request_Invalid_Email",
              "timedOut": false,
              "duration": 0,
              "state": "pending",
              "speed": null,
              "pass": false,
              "fail": false,
              "pending": true,
              "context": null,
              "code": "",
              "err": {},
              "uuid": "e07578ee-6b77-4104-94e4-567272404c0d",
              "parentUUID": "7617aaec-102e-4703-b29b-f2e906740bbf",
              "isHook": false,
              "skipped": false
            },
            {
              "title": "TC_008_Verify_OTP_Login_Empty_Field",
              "fullTitle": "Authentication & Session Management TC_008_Verify_OTP_Login_Empty_Field",
              "timedOut": false,
              "duration": 0,
              "state": "pending",
              "speed": null,
              "pass": false,
              "fail": false,
              "pending": true,
              "context": null,
              "code": "",
              "err": {},
              "uuid": "dad216fa-e668-4583-97e7-8362be0bf125",
              "parentUUID": "7617aaec-102e-4703-b29b-f2e906740bbf",
              "isHook": false,
              "skipped": false
            },
            {
              "title": "TC_009_Verify_OTP_Login_Invalid_Format",
              "fullTitle": "Authentication & Session Management TC_009_Verify_OTP_Login_Invalid_Format",
              "timedOut": false,
              "duration": 0,
              "state": "pending",
              "speed": null,
              "pass": false,
              "fail": false,
              "pending": true,
              "context": null,
              "code": "",
              "err": {},
              "uuid": "433bbd46-1907-4a96-a593-d1396ab8d9d1",
              "parentUUID": "7617aaec-102e-4703-b29b-f2e906740bbf",
              "isHook": false,
              "skipped": false
            },
            {
              "title": "TC_010_Verify_OTP_Login_Success",
              "fullTitle": "Authentication & Session Management TC_010_Verify_OTP_Login_Success",
              "timedOut": false,
              "duration": 0,
              "state": "pending",
              "speed": null,
              "pass": false,
              "fail": false,
              "pending": true,
              "context": null,
              "code": "",
              "err": {},
              "uuid": "20bbc8ce-eac1-4302-bce7-6f78a77b0470",
              "parentUUID": "7617aaec-102e-4703-b29b-f2e906740bbf",
              "isHook": false,
              "skipped": false
            },
            {
              "title": "TC_011_Verify_Sign_Up_Mode_Toggle",
              "fullTitle": "Authentication & Session Management TC_011_Verify_Sign_Up_Mode_Toggle",
              "timedOut": false,
              "duration": 18735,
              "state": "passed",
              "speed": "slow",
              "pass": true,
              "fail": false,
              "pending": false,
              "context": null,
              "code": "this.timeout(120000);\nawait pages.login.ensureSignUpMode(true);\nconst isSignUpBtnVisible = await pages.login.isDisplayed(pages.login.loginSubmitBtn);\nexpect(isSignUpBtnVisible).to.be.true;\n// Toggle back to Login\nawait pages.login.ensureSignUpMode(false);",
              "err": {},
              "uuid": "b7627709-b2b0-4f71-9cd9-09f53a940439",
              "parentUUID": "7617aaec-102e-4703-b29b-f2e906740bbf",
              "isHook": false,
              "skipped": false
            },
            {
              "title": "TC_012_Verify_Sign_Up_Validation_Empty_Fields",
              "fullTitle": "Authentication & Session Management TC_012_Verify_Sign_Up_Validation_Empty_Fields",
              "timedOut": false,
              "duration": 7309,
              "state": "passed",
              "speed": "slow",
              "pass": true,
              "fail": false,
              "pending": false,
              "context": null,
              "code": "this.timeout(120000);\nawait pages.login.ensureSignUpMode(true);\nawait pages.login.click(pages.login.loginSubmitBtn);\nconst errorMsg = await pages.login.getErrorMessage();\nexpect(errorMsg.toLowerCase()).to.include('email and password');\nawait pages.login.ensureSignUpMode(false);",
              "err": {},
              "uuid": "03507b84-948c-442c-af82-b3c53f6f71fb",
              "parentUUID": "7617aaec-102e-4703-b29b-f2e906740bbf",
              "isHook": false,
              "skipped": false
            },
            {
              "title": "TC_013_Verify_Sign_Up_Successful",
              "fullTitle": "Authentication & Session Management TC_013_Verify_Sign_Up_Successful",
              "timedOut": false,
              "duration": 9447,
              "state": "passed",
              "speed": "slow",
              "pass": true,
              "fail": false,
              "pending": false,
              "context": null,
              "code": "this.timeout(120000);\nawait pages.login.ensureSignUpMode(true);\nawait pages.login.setValue(pages.login.emailField, 'newuser@safebank.ai');\nawait pages.login.setValue(pages.login.passwordField, 'Password123');\nawait pages.login.click(pages.login.loginSubmitBtn);\n// Wait for redirection to Dashboard\nconst isDashboardVisible = await pages.dashboard.isDisplayed(pages.dashboard.safetyStatusBento);\nexpect(isDashboardVisible).to.be.true;\n// Logout to reset auth state\nawait pages.dashboard.navigateToProfile();\nawait pages.profile.logout();",
              "err": {},
              "uuid": "c28c5c4e-0fa6-4a40-bb4f-a7eb7d3bc1d5",
              "parentUUID": "7617aaec-102e-4703-b29b-f2e906740bbf",
              "isHook": false,
              "skipped": false
            },
            {
              "title": "TC_014_Verify_Forgot_Password_Validation_Empty_Email",
              "fullTitle": "Authentication & Session Management TC_014_Verify_Forgot_Password_Validation_Empty_Email",
              "timedOut": false,
              "duration": 15756,
              "state": "passed",
              "speed": "slow",
              "pass": true,
              "fail": false,
              "pending": false,
              "context": null,
              "code": "this.timeout(120000);\nawait pages.login.ensureSignUpMode(false);\nawait pages.login.ensureOtpMode(false);\nawait pages.login.setValue(pages.login.emailField, '');\nawait pages.login.clickForgotPassword();\nconst errorMsg = await pages.login.getErrorMessage();\nexpect(errorMsg.toLowerCase()).to.satisfy(err => err.includes('valid email') || err.length > 0);",
              "err": {},
              "uuid": "58653276-14a0-4903-a649-e2b5fcfd43c4",
              "parentUUID": "7617aaec-102e-4703-b29b-f2e906740bbf",
              "isHook": false,
              "skipped": false
            },
            {
              "title": "TC_015_Verify_Forgot_Password_Success",
              "fullTitle": "Authentication & Session Management TC_015_Verify_Forgot_Password_Success",
              "timedOut": false,
              "duration": 39983,
              "state": "passed",
              "speed": "slow",
              "pass": true,
              "fail": false,
              "pending": false,
              "context": null,
              "code": "this.timeout(120000);\nawait pages.login.ensureSignUpMode(false);\nawait pages.login.ensureOtpMode(false);\nawait pages.login.setValue(pages.login.emailField, 'forgot@safebank.ai');\nawait pages.login.clickForgotPassword();\n// Check verification or error message displays\nconst errorMsg = await pages.login.getErrorMessage();\n// Since Mock Supabase reset email works, verify we don't get \"Please enter a valid email\"\nexpect(errorMsg.toLowerCase()).to.not.include('enter a valid');",
              "err": {},
              "uuid": "c2eb1d94-b1b5-4620-9686-730924ded293",
              "parentUUID": "7617aaec-102e-4703-b29b-f2e906740bbf",
              "isHook": false,
              "skipped": false
            }
          ],
          "suites": [],
          "passes": [
            "6767971f-eecc-4509-8c3e-618c2ced045c",
            "c44fa2d7-6b98-4d95-b312-2d4cc1676ff3",
            "4c41b5cb-8b41-4ef3-b14a-2c8477100fdd",
            "45f0dd8b-5566-4794-97ab-a99e10085245",
            "b7627709-b2b0-4f71-9cd9-09f53a940439",
            "03507b84-948c-442c-af82-b3c53f6f71fb",
            "c28c5c4e-0fa6-4a40-bb4f-a7eb7d3bc1d5",
            "58653276-14a0-4903-a649-e2b5fcfd43c4",
            "c2eb1d94-b1b5-4620-9686-730924ded293"
          ],
          "failures": [],
          "pending": [
            "89323c72-2da1-4211-99b8-fc22ccc5e6a8",
            "20743671-4ce3-4634-b030-ea20abd69144",
            "e07578ee-6b77-4104-94e4-567272404c0d",
            "dad216fa-e668-4583-97e7-8362be0bf125",
            "433bbd46-1907-4a96-a593-d1396ab8d9d1",
            "20bbc8ce-eac1-4302-bce7-6f78a77b0470"
          ],
          "skipped": [],
          "duration": 148163,
          "root": false,
          "rootEmpty": false,
          "_timeout": 180000
        },
        {
          "uuid": "b625de84-27a0-4f95-8339-2623e87668f5",
          "title": "Phone Call Fraud Detection",
          "fullFile": "C:\\Users\\Amulya\\Downloads\\safebank-ai-app\\tests\\call.test.js",
          "file": "\\tests\\call.test.js",
          "beforeHooks": [
            {
              "title": "\"before all\" hook in \"Phone Call Fraud Detection\"",
              "fullTitle": "Phone Call Fraud Detection \"before all\" hook in \"Phone Call Fraud Detection\"",
              "timedOut": false,
              "duration": 20033,
              "state": null,
              "speed": null,
              "pass": false,
              "fail": false,
              "pending": false,
              "context": null,
              "code": "this.timeout(180000); // Allow 3 minutes for app installation/launch\nlogger.info(`Initializing test driver for module: ${moduleName}`);\ndriver = await DriverFactory.createDriver();\n\n// Instantiate all POM classes\npages.login = new LoginPage(driver);\npages.dashboard = new DashboardPage(driver);\npages.sms = new SmsPage(driver);\npages.call = new CallPage(driver);\npages.report = new ReportPage(driver);\npages.profile = new ProfilePage(driver);\npages.chatbot = new ChatbotPage(driver);\npages.sos = new SosPage(driver);\npages.settings = new SettingsPage(driver);\npages.admin = new AdminPage(driver);\n// Relaunch the app to ensure clean initial UI state and clear old persistent error views\nlogger.info('Relaunching app to reset UI state...');\ntry {\n  await driver.terminateApp('com.safebank.ai');\n  await new Promise(resolve => setTimeout(resolve, 2000));\n  await driver.activateApp('com.safebank.ai');\n  await new Promise(resolve => setTimeout(resolve, 4000));\n} catch (e) {\n  logger.warn('Failed to relaunch app during setup:', e.message);\n}",
              "err": {},
              "uuid": "659b7cb6-d4f0-43d8-acab-709d111f7e97",
              "parentUUID": "b625de84-27a0-4f95-8339-2623e87668f5",
              "isHook": true,
              "skipped": false
            },
            {
              "title": "\"before all\" hook in \"Phone Call Fraud Detection\"",
              "fullTitle": "Phone Call Fraud Detection \"before all\" hook in \"Phone Call Fraud Detection\"",
              "timedOut": false,
              "duration": 15894,
              "state": null,
              "speed": null,
              "pass": false,
              "fail": false,
              "pending": false,
              "context": null,
              "code": "this.timeout(180000);\npages = context.getPages();\nawait pages.login.ensureLoggedIn();",
              "err": {},
              "uuid": "2768a235-b3d0-424a-8356-4dab58d472cf",
              "parentUUID": "b625de84-27a0-4f95-8339-2623e87668f5",
              "isHook": true,
              "skipped": false
            },
            {
              "title": "\"before each\" hook in \"Phone Call Fraud Detection\"",
              "fullTitle": "Phone Call Fraud Detection \"before each\" hook in \"Phone Call Fraud Detection\"",
              "timedOut": false,
              "duration": 1,
              "state": null,
              "speed": null,
              "pass": false,
              "fail": false,
              "pending": false,
              "context": null,
              "code": "startTime = new Date();\nlogger.info(`>>> RUNNING TEST: ${this.currentTest.title} <<<`);\nreporter.logStep(this.currentTest.title, 'Test Suite Init', 'SUCCESS', `Starting scenario in module: ${moduleName}`);",
              "err": {},
              "uuid": "b4bb374d-03a5-4a41-a983-0adbb1f33903",
              "parentUUID": "b625de84-27a0-4f95-8339-2623e87668f5",
              "isHook": true,
              "skipped": false
            }
          ],
          "afterHooks": [
            {
              "title": "\"after all\" hook in \"Phone Call Fraud Detection\"",
              "fullTitle": "Phone Call Fraud Detection \"after all\" hook in \"Phone Call Fraud Detection\"",
              "timedOut": false,
              "duration": 3876,
              "state": null,
              "speed": null,
              "pass": false,
              "fail": false,
              "pending": false,
              "context": null,
              "code": "logger.info(`Tearing down driver for module: ${moduleName}`);\nawait DriverFactory.quitDriver(driver);",
              "err": {},
              "uuid": "91b13227-e99c-495c-a7d1-b0091cba8548",
              "parentUUID": "b625de84-27a0-4f95-8339-2623e87668f5",
              "isHook": true,
              "skipped": false
            },
            {
              "title": "\"after each\" hook in \"Phone Call Fraud Detection\"",
              "fullTitle": "Phone Call Fraud Detection \"after each\" hook in \"Phone Call Fraud Detection\"",
              "timedOut": false,
              "duration": 0,
              "state": null,
              "speed": null,
              "pass": false,
              "fail": false,
              "pending": false,
              "context": null,
              "code": "const status = this.currentTest.state === 'passed' ? 'Passed' : (this.currentTest.state === 'failed' ? 'Failed' : 'Skipped');\nconst endTime = new Date();\n\n// Auto-parse Test ID from naming convention e.g., \"TC_001_Verify_Login\" -> \"TC_001\"\nconst words = this.currentTest.title.split('_');\nconst testId = words[0] && words[0].startsWith('TC') ? words[0] : 'TC_GEN';\nreporter.addTestCase(\n  testId,\n  moduleName,\n  this.currentTest.title,\n  process.env.DEVICE_NAME || 'Android Emulator',\n  status,\n  startTime,\n  endTime\n);\nif (status === 'Failed') {\n  logger.error(`x TEST FAILED: ${this.currentTest.title}`);\n  \n  // Capture screenshots and logcat dumps on failure\n  const screenshotPath = await Helpers.captureScreenshot(driver, this.currentTest.title);\n  const logsPath = await Helpers.captureDeviceLogs(driver, this.currentTest.title);\n  \n  let currentActivity = 'Unknown';\n  try {\n    currentActivity = await driver.getCurrentActivity();\n  } catch (e) {\n    logger.warn('Could not retrieve current activity name.');\n  }\n  reporter.addFailedTest(\n    this.currentTest.title,\n    this.currentTest.err ? this.currentTest.err.message : 'Assertion failure',\n    screenshotPath,\n    process.env.DEVICE_NAME || 'Android Emulator',\n    process.env.PLATFORM_VERSION || '13.0',\n    currentActivity\n  );\n  reporter.logStep(\n    this.currentTest.title,\n    'Test Suite Teardown',\n    'FAIL',\n    `Error: ${this.currentTest.err ? this.currentTest.err.message : 'Unknown'}. Logs: ${logsPath}`\n  );\n} else {\n  logger.info(`o TEST PASSED: ${this.currentTest.title}`);\n  reporter.logStep(this.currentTest.title, 'Test Suite Teardown', 'PASS', 'Scenario completed with no errors.');\n}",
              "err": {},
              "uuid": "09990c88-e58b-407e-b0e7-4ce176f7213c",
              "parentUUID": "b625de84-27a0-4f95-8339-2623e87668f5",
              "isHook": true,
              "skipped": false
            }
          ],
          "tests": [
            {
              "title": "TC_401_Verify_Custom_Number_Analysis_Empty_Input",
              "fullTitle": "Phone Call Fraud Detection TC_401_Verify_Custom_Number_Analysis_Empty_Input",
              "timedOut": false,
              "duration": 17575,
              "state": "passed",
              "speed": "slow",
              "pass": true,
              "fail": false,
              "pending": false,
              "context": null,
              "code": "this.timeout(120000);\nawait pages.dashboard.navigateToCall();\n\n// Tap detect with empty input\nawait pages.call.click(pages.call.detectNumberBtn);\nconst hasIncomingCall = await pages.call.isDisplayed(pages.call.hangupCallBtn, 3000);\nexpect(hasIncomingCall).to.be.false;",
              "err": {},
              "uuid": "9f16ef28-38d4-4703-9de8-9db89ab569ab",
              "parentUUID": "b625de84-27a0-4f95-8339-2623e87668f5",
              "isHook": false,
              "skipped": false
            },
            {
              "title": "TC_402_Verify_Custom_Number_Analysis_Valid_Input",
              "fullTitle": "Phone Call Fraud Detection TC_402_Verify_Custom_Number_Analysis_Valid_Input",
              "timedOut": false,
              "duration": 9155,
              "state": "passed",
              "speed": "slow",
              "pass": true,
              "fail": false,
              "pending": false,
              "context": null,
              "code": "this.timeout(120000);\nawait pages.dashboard.navigateToCall();\n\n// Input custom phone number\nawait pages.call.simulateCustomCall('+91 90000 12345');\n\n// Wait and verify detection active screen displays\nconst isCallActive = await pages.call.isDisplayed(pages.call.hangupCallBtn);\nexpect(isCallActive).to.be.true;\n// Hangup simulated call\nawait pages.call.hangupActiveCall();",
              "err": {},
              "uuid": "283e348e-5e4a-4f89-84f0-16d2df23712e",
              "parentUUID": "b625de84-27a0-4f95-8339-2623e87668f5",
              "isHook": false,
              "skipped": false
            },
            {
              "title": "TC_403_Verify_Lottery_Prize_Scam_Preset",
              "fullTitle": "Phone Call Fraud Detection TC_403_Verify_Lottery_Prize_Scam_Preset",
              "timedOut": false,
              "duration": 31890,
              "state": "passed",
              "speed": "slow",
              "pass": true,
              "fail": false,
              "pending": false,
              "context": null,
              "code": "this.timeout(120000);\nawait pages.dashboard.navigateToCall();\n// Trigger lottery prize scam call\nawait pages.call.triggerPrizeCallPreset();\n// Verify risk score / prediction text contains suspicious details\nconst prediction = await pages.call.getCallPrediction();\nexpect(prediction.toLowerCase()).to.satisfy(\n  txt => txt.includes('risk') || txt.includes('scam') || txt.includes('lottery') || txt.includes('fraud') || txt.length > 0\n);\n// Hangup call\nawait pages.call.hangupActiveCall();",
              "err": {},
              "uuid": "71b47351-1fa4-4bf3-bf68-0a1d9be6f68d",
              "parentUUID": "b625de84-27a0-4f95-8339-2623e87668f5",
              "isHook": false,
              "skipped": false
            },
            {
              "title": "TC_404_Verify_Police_Threat_Scam_Preset",
              "fullTitle": "Phone Call Fraud Detection TC_404_Verify_Police_Threat_Scam_Preset",
              "timedOut": false,
              "duration": 4717,
              "state": "passed",
              "speed": "slow",
              "pass": true,
              "fail": false,
              "pending": false,
              "context": null,
              "code": "this.timeout(120000);\nawait pages.dashboard.navigateToCall();\n// Trigger police fear threat preset\nawait pages.call.triggerPoliceCallPreset();\n// Verify prediction text\nconst prediction = await pages.call.getCallPrediction();\nexpect(prediction.toLowerCase()).to.satisfy(\n  txt => txt.includes('risk') || txt.includes('scam') || txt.includes('police') || txt.includes('fear') || txt.length > 0\n);\nawait pages.call.hangupActiveCall();",
              "err": {},
              "uuid": "b0fb8abc-e349-4d6e-93dd-3cc994c334e0",
              "parentUUID": "b625de84-27a0-4f95-8339-2623e87668f5",
              "isHook": false,
              "skipped": false
            },
            {
              "title": "TC_405_Verify_Normal_Friend_Call_Preset",
              "fullTitle": "Phone Call Fraud Detection TC_405_Verify_Normal_Friend_Call_Preset",
              "timedOut": false,
              "duration": 22419,
              "state": "passed",
              "speed": "slow",
              "pass": true,
              "fail": false,
              "pending": false,
              "context": null,
              "code": "this.timeout(120000);\nawait pages.dashboard.navigateToCall();\n// Trigger safe normal friend call preset\nawait pages.call.triggerNormalCallPreset();\n// Verify prediction text indicates safe or unflagged status\nconst prediction = await pages.call.getCallPrediction();\nexpect(prediction.toLowerCase()).to.satisfy(\n  txt => txt.includes('safe') || txt.includes('normal') || txt.includes('friend') || txt.includes('unflagged') || txt.length > 0\n);\nawait pages.call.hangupActiveCall();",
              "err": {},
              "uuid": "6c253a91-ad9b-472e-9a64-01eee07328c9",
              "parentUUID": "b625de84-27a0-4f95-8339-2623e87668f5",
              "isHook": false,
              "skipped": false
            },
            {
              "title": "TC_406_Verify_Active_Call_Hangup",
              "fullTitle": "Phone Call Fraud Detection TC_406_Verify_Active_Call_Hangup",
              "timedOut": false,
              "duration": 14377,
              "state": "passed",
              "speed": "slow",
              "pass": true,
              "fail": false,
              "pending": false,
              "context": null,
              "code": "this.timeout(120000);\nawait pages.dashboard.navigateToCall();\n// Trigger OTP vishing call\nawait pages.call.triggerOtpCallPreset();\nlet isCallActive = await pages.call.isDisplayed(pages.call.hangupCallBtn);\nexpect(isCallActive).to.be.true;\n// Hangup the active call\nawait pages.call.hangupActiveCall();\n\n// Verify call UI has closed and presets are visible again\nisCallActive = await pages.call.isDisplayed(pages.call.hangupCallBtn, 3000);\nexpect(isCallActive).to.be.false;",
              "err": {},
              "uuid": "81d6e950-4574-4f86-9038-d8dd543a0b4d",
              "parentUUID": "b625de84-27a0-4f95-8339-2623e87668f5",
              "isHook": false,
              "skipped": false
            }
          ],
          "suites": [],
          "passes": [
            "9f16ef28-38d4-4703-9de8-9db89ab569ab",
            "283e348e-5e4a-4f89-84f0-16d2df23712e",
            "71b47351-1fa4-4bf3-bf68-0a1d9be6f68d",
            "b0fb8abc-e349-4d6e-93dd-3cc994c334e0",
            "6c253a91-ad9b-472e-9a64-01eee07328c9",
            "81d6e950-4574-4f86-9038-d8dd543a0b4d"
          ],
          "failures": [],
          "pending": [],
          "skipped": [],
          "duration": 100133,
          "root": false,
          "rootEmpty": false,
          "_timeout": 180000
        },
        {
          "uuid": "c45450d5-5219-4714-a33e-ea2c36543718",
          "title": "AI Financial Security Chatbot",
          "fullFile": "C:\\Users\\Amulya\\Downloads\\safebank-ai-app\\tests\\chatbot.test.js",
          "file": "\\tests\\chatbot.test.js",
          "beforeHooks": [
            {
              "title": "\"before all\" hook in \"AI Financial Security Chatbot\"",
              "fullTitle": "AI Financial Security Chatbot \"before all\" hook in \"AI Financial Security Chatbot\"",
              "timedOut": false,
              "duration": 17364,
              "state": null,
              "speed": null,
              "pass": false,
              "fail": false,
              "pending": false,
              "context": null,
              "code": "this.timeout(180000); // Allow 3 minutes for app installation/launch\nlogger.info(`Initializing test driver for module: ${moduleName}`);\ndriver = await DriverFactory.createDriver();\n\n// Instantiate all POM classes\npages.login = new LoginPage(driver);\npages.dashboard = new DashboardPage(driver);\npages.sms = new SmsPage(driver);\npages.call = new CallPage(driver);\npages.report = new ReportPage(driver);\npages.profile = new ProfilePage(driver);\npages.chatbot = new ChatbotPage(driver);\npages.sos = new SosPage(driver);\npages.settings = new SettingsPage(driver);\npages.admin = new AdminPage(driver);\n// Relaunch the app to ensure clean initial UI state and clear old persistent error views\nlogger.info('Relaunching app to reset UI state...');\ntry {\n  await driver.terminateApp('com.safebank.ai');\n  await new Promise(resolve => setTimeout(resolve, 2000));\n  await driver.activateApp('com.safebank.ai');\n  await new Promise(resolve => setTimeout(resolve, 4000));\n} catch (e) {\n  logger.warn('Failed to relaunch app during setup:', e.message);\n}",
              "err": {},
              "uuid": "91ad8e04-8295-4b4e-bf28-2398660c7aae",
              "parentUUID": "c45450d5-5219-4714-a33e-ea2c36543718",
              "isHook": true,
              "skipped": false
            },
            {
              "title": "\"before all\" hook in \"AI Financial Security Chatbot\"",
              "fullTitle": "AI Financial Security Chatbot \"before all\" hook in \"AI Financial Security Chatbot\"",
              "timedOut": false,
              "duration": 686,
              "state": null,
              "speed": null,
              "pass": false,
              "fail": false,
              "pending": false,
              "context": null,
              "code": "this.timeout(180000);\npages = context.getPages();\nawait pages.login.ensureLoggedIn();",
              "err": {},
              "uuid": "97bfd2eb-fcc5-4c9b-a280-ae98e79355ee",
              "parentUUID": "c45450d5-5219-4714-a33e-ea2c36543718",
              "isHook": true,
              "skipped": false
            },
            {
              "title": "\"before each\" hook in \"AI Financial Security Chatbot\"",
              "fullTitle": "AI Financial Security Chatbot \"before each\" hook in \"AI Financial Security Chatbot\"",
              "timedOut": false,
              "duration": 0,
              "state": null,
              "speed": null,
              "pass": false,
              "fail": false,
              "pending": false,
              "context": null,
              "code": "startTime = new Date();\nlogger.info(`>>> RUNNING TEST: ${this.currentTest.title} <<<`);\nreporter.logStep(this.currentTest.title, 'Test Suite Init', 'SUCCESS', `Starting scenario in module: ${moduleName}`);",
              "err": {},
              "uuid": "70e240b4-4842-4f0f-86ba-649883176346",
              "parentUUID": "c45450d5-5219-4714-a33e-ea2c36543718",
              "isHook": true,
              "skipped": false
            }
          ],
          "afterHooks": [
            {
              "title": "\"after all\" hook in \"AI Financial Security Chatbot\"",
              "fullTitle": "AI Financial Security Chatbot \"after all\" hook in \"AI Financial Security Chatbot\"",
              "timedOut": false,
              "duration": 3877,
              "state": null,
              "speed": null,
              "pass": false,
              "fail": false,
              "pending": false,
              "context": null,
              "code": "logger.info(`Tearing down driver for module: ${moduleName}`);\nawait DriverFactory.quitDriver(driver);",
              "err": {},
              "uuid": "b5c957c2-aa45-48c8-817c-22e6c353ac75",
              "parentUUID": "c45450d5-5219-4714-a33e-ea2c36543718",
              "isHook": true,
              "skipped": false
            },
            {
              "title": "\"after each\" hook in \"AI Financial Security Chatbot\"",
              "fullTitle": "AI Financial Security Chatbot \"after each\" hook in \"AI Financial Security Chatbot\"",
              "timedOut": false,
              "duration": 0,
              "state": null,
              "speed": null,
              "pass": false,
              "fail": false,
              "pending": false,
              "context": null,
              "code": "const status = this.currentTest.state === 'passed' ? 'Passed' : (this.currentTest.state === 'failed' ? 'Failed' : 'Skipped');\nconst endTime = new Date();\n\n// Auto-parse Test ID from naming convention e.g., \"TC_001_Verify_Login\" -> \"TC_001\"\nconst words = this.currentTest.title.split('_');\nconst testId = words[0] && words[0].startsWith('TC') ? words[0] : 'TC_GEN';\nreporter.addTestCase(\n  testId,\n  moduleName,\n  this.currentTest.title,\n  process.env.DEVICE_NAME || 'Android Emulator',\n  status,\n  startTime,\n  endTime\n);\nif (status === 'Failed') {\n  logger.error(`x TEST FAILED: ${this.currentTest.title}`);\n  \n  // Capture screenshots and logcat dumps on failure\n  const screenshotPath = await Helpers.captureScreenshot(driver, this.currentTest.title);\n  const logsPath = await Helpers.captureDeviceLogs(driver, this.currentTest.title);\n  \n  let currentActivity = 'Unknown';\n  try {\n    currentActivity = await driver.getCurrentActivity();\n  } catch (e) {\n    logger.warn('Could not retrieve current activity name.');\n  }\n  reporter.addFailedTest(\n    this.currentTest.title,\n    this.currentTest.err ? this.currentTest.err.message : 'Assertion failure',\n    screenshotPath,\n    process.env.DEVICE_NAME || 'Android Emulator',\n    process.env.PLATFORM_VERSION || '13.0',\n    currentActivity\n  );\n  reporter.logStep(\n    this.currentTest.title,\n    'Test Suite Teardown',\n    'FAIL',\n    `Error: ${this.currentTest.err ? this.currentTest.err.message : 'Unknown'}. Logs: ${logsPath}`\n  );\n} else {\n  logger.info(`o TEST PASSED: ${this.currentTest.title}`);\n  reporter.logStep(this.currentTest.title, 'Test Suite Teardown', 'PASS', 'Scenario completed with no errors.');\n}",
              "err": {},
              "uuid": "01cfbab6-9da0-491e-8770-6faa5299d905",
              "parentUUID": "c45450d5-5219-4714-a33e-ea2c36543718",
              "isHook": true,
              "skipped": false
            }
          ],
          "tests": [
            {
              "title": "TC_601_Verify_Chatbot_Empty_Query_Submission",
              "fullTitle": "AI Financial Security Chatbot TC_601_Verify_Chatbot_Empty_Query_Submission",
              "timedOut": false,
              "duration": 11110,
              "state": "passed",
              "speed": "slow",
              "pass": true,
              "fail": false,
              "pending": false,
              "context": null,
              "code": "this.timeout(120000);\nawait pages.dashboard.navigateToHome();\nawait pages.dashboard.clickChatbotTile();\n// Input empty string and tap send\nawait pages.chatbot.sendQuery('');\nconst latestMsg = await pages.chatbot.getLatestMessageText();\n// Latest message should still be the initial greeting or default assistant intro\nexpect(latestMsg.toLowerCase()).to.satisfy(\n  msg => msg.includes('hello') || msg.includes('safebank') || msg.includes('assistant') || msg.length > 0\n);",
              "err": {},
              "uuid": "03ffa2da-734f-4f93-8694-523b74b752de",
              "parentUUID": "c45450d5-5219-4714-a33e-ea2c36543718",
              "isHook": false,
              "skipped": false
            },
            {
              "title": "TC_602_Verify_Chatbot_Successful_Query",
              "fullTitle": "AI Financial Security Chatbot TC_602_Verify_Chatbot_Successful_Query",
              "timedOut": false,
              "duration": 11266,
              "state": "passed",
              "speed": "slow",
              "pass": true,
              "fail": false,
              "pending": false,
              "context": null,
              "code": "this.timeout(150000);\nawait pages.dashboard.navigateToHome();\nawait pages.dashboard.clickChatbotTile();\n// Ask a cyber security question\nconst query = 'How do I identify a fake credit card lottery phone call scam?';\nawait pages.chatbot.sendQuery(query);\n// Verify chat loading or response updates\nconst latestMsg = await pages.chatbot.getLatestMessageText();\n// The latest message shouldn't be the user query itself, it should be the bot's response (or initial greeting if still loading)\nexpect(latestMsg.toLowerCase()).to.not.equal(query.toLowerCase());\nexpect(latestMsg.length).to.be.greaterThan(0);",
              "err": {},
              "uuid": "57b60260-e0fb-497d-b010-9cac1e526394",
              "parentUUID": "c45450d5-5219-4714-a33e-ea2c36543718",
              "isHook": false,
              "skipped": false
            },
            {
              "title": "TC_603_Verify_Chatbot_Multi_Turn_Conversation",
              "fullTitle": "AI Financial Security Chatbot TC_603_Verify_Chatbot_Multi_Turn_Conversation",
              "timedOut": false,
              "duration": 18360,
              "state": "passed",
              "speed": "slow",
              "pass": true,
              "fail": false,
              "pending": false,
              "context": null,
              "code": "this.timeout(180000);\nawait pages.dashboard.navigateToHome();\nawait pages.dashboard.clickChatbotTile();\n// Send first question\nawait pages.chatbot.sendQuery('What is UPI PIN safety?');\nawait new Promise(resolve => setTimeout(resolve, 3000));\n// Send second question\nconst query2 = 'Should I share my OTP with a branch manager?';\nawait pages.chatbot.sendQuery(query2);\nawait new Promise(resolve => setTimeout(resolve, 3000));\nconst latestMsg = await pages.chatbot.getLatestMessageText();\nexpect(latestMsg.toLowerCase()).to.not.equal(query2.toLowerCase());\nexpect(latestMsg.length).to.be.greaterThan(0);",
              "err": {},
              "uuid": "c321ada6-3aa1-4509-847b-25644a23ec5d",
              "parentUUID": "c45450d5-5219-4714-a33e-ea2c36543718",
              "isHook": false,
              "skipped": false
            }
          ],
          "suites": [],
          "passes": [
            "03ffa2da-734f-4f93-8694-523b74b752de",
            "57b60260-e0fb-497d-b010-9cac1e526394",
            "c321ada6-3aa1-4509-847b-25644a23ec5d"
          ],
          "failures": [],
          "pending": [],
          "skipped": [],
          "duration": 40736,
          "root": false,
          "rootEmpty": false,
          "_timeout": 180000
        },
        {
          "uuid": "bb6152c2-8869-4781-9c2a-f0ac9ea077cb",
          "title": "Full End-to-End User Workflows",
          "fullFile": "C:\\Users\\Amulya\\Downloads\\safebank-ai-app\\tests\\e2eFlow.test.js",
          "file": "\\tests\\e2eFlow.test.js",
          "beforeHooks": [
            {
              "title": "\"before all\" hook in \"Full End-to-End User Workflows\"",
              "fullTitle": "Full End-to-End User Workflows \"before all\" hook in \"Full End-to-End User Workflows\"",
              "timedOut": false,
              "duration": 17966,
              "state": null,
              "speed": null,
              "pass": false,
              "fail": false,
              "pending": false,
              "context": null,
              "code": "this.timeout(180000); // Allow 3 minutes for app installation/launch\nlogger.info(`Initializing test driver for module: ${moduleName}`);\ndriver = await DriverFactory.createDriver();\n\n// Instantiate all POM classes\npages.login = new LoginPage(driver);\npages.dashboard = new DashboardPage(driver);\npages.sms = new SmsPage(driver);\npages.call = new CallPage(driver);\npages.report = new ReportPage(driver);\npages.profile = new ProfilePage(driver);\npages.chatbot = new ChatbotPage(driver);\npages.sos = new SosPage(driver);\npages.settings = new SettingsPage(driver);\npages.admin = new AdminPage(driver);\n// Relaunch the app to ensure clean initial UI state and clear old persistent error views\nlogger.info('Relaunching app to reset UI state...');\ntry {\n  await driver.terminateApp('com.safebank.ai');\n  await new Promise(resolve => setTimeout(resolve, 2000));\n  await driver.activateApp('com.safebank.ai');\n  await new Promise(resolve => setTimeout(resolve, 4000));\n} catch (e) {\n  logger.warn('Failed to relaunch app during setup:', e.message);\n}",
              "err": {},
              "uuid": "8b92fdab-a967-4540-807b-bff69a1ba4f9",
              "parentUUID": "bb6152c2-8869-4781-9c2a-f0ac9ea077cb",
              "isHook": true,
              "skipped": false
            },
            {
              "title": "\"before all\" hook in \"Full End-to-End User Workflows\"",
              "fullTitle": "Full End-to-End User Workflows \"before all\" hook in \"Full End-to-End User Workflows\"",
              "timedOut": false,
              "duration": 0,
              "state": null,
              "speed": null,
              "pass": false,
              "fail": false,
              "pending": false,
              "context": null,
              "code": "pages = context.getPages();",
              "err": {},
              "uuid": "618cc60d-58e3-4f8c-9b41-398474dd2ece",
              "parentUUID": "bb6152c2-8869-4781-9c2a-f0ac9ea077cb",
              "isHook": true,
              "skipped": false
            },
            {
              "title": "\"before each\" hook in \"Full End-to-End User Workflows\"",
              "fullTitle": "Full End-to-End User Workflows \"before each\" hook in \"Full End-to-End User Workflows\"",
              "timedOut": false,
              "duration": 0,
              "state": null,
              "speed": null,
              "pass": false,
              "fail": false,
              "pending": false,
              "context": null,
              "code": "startTime = new Date();\nlogger.info(`>>> RUNNING TEST: ${this.currentTest.title} <<<`);\nreporter.logStep(this.currentTest.title, 'Test Suite Init', 'SUCCESS', `Starting scenario in module: ${moduleName}`);",
              "err": {},
              "uuid": "74b919ac-24c2-4d57-b9dd-8e984cb372e4",
              "parentUUID": "bb6152c2-8869-4781-9c2a-f0ac9ea077cb",
              "isHook": true,
              "skipped": false
            }
          ],
          "afterHooks": [
            {
              "title": "\"after all\" hook in \"Full End-to-End User Workflows\"",
              "fullTitle": "Full End-to-End User Workflows \"after all\" hook in \"Full End-to-End User Workflows\"",
              "timedOut": false,
              "duration": 3851,
              "state": null,
              "speed": null,
              "pass": false,
              "fail": false,
              "pending": false,
              "context": null,
              "code": "logger.info(`Tearing down driver for module: ${moduleName}`);\nawait DriverFactory.quitDriver(driver);",
              "err": {},
              "uuid": "ee50b54b-2cdd-4bd3-aa9d-62f71568f17f",
              "parentUUID": "bb6152c2-8869-4781-9c2a-f0ac9ea077cb",
              "isHook": true,
              "skipped": false
            },
            {
              "title": "\"after each\" hook in \"Full End-to-End User Workflows\"",
              "fullTitle": "Full End-to-End User Workflows \"after each\" hook in \"Full End-to-End User Workflows\"",
              "timedOut": false,
              "duration": 0,
              "state": null,
              "speed": null,
              "pass": false,
              "fail": false,
              "pending": false,
              "context": null,
              "code": "const status = this.currentTest.state === 'passed' ? 'Passed' : (this.currentTest.state === 'failed' ? 'Failed' : 'Skipped');\nconst endTime = new Date();\n\n// Auto-parse Test ID from naming convention e.g., \"TC_001_Verify_Login\" -> \"TC_001\"\nconst words = this.currentTest.title.split('_');\nconst testId = words[0] && words[0].startsWith('TC') ? words[0] : 'TC_GEN';\nreporter.addTestCase(\n  testId,\n  moduleName,\n  this.currentTest.title,\n  process.env.DEVICE_NAME || 'Android Emulator',\n  status,\n  startTime,\n  endTime\n);\nif (status === 'Failed') {\n  logger.error(`x TEST FAILED: ${this.currentTest.title}`);\n  \n  // Capture screenshots and logcat dumps on failure\n  const screenshotPath = await Helpers.captureScreenshot(driver, this.currentTest.title);\n  const logsPath = await Helpers.captureDeviceLogs(driver, this.currentTest.title);\n  \n  let currentActivity = 'Unknown';\n  try {\n    currentActivity = await driver.getCurrentActivity();\n  } catch (e) {\n    logger.warn('Could not retrieve current activity name.');\n  }\n  reporter.addFailedTest(\n    this.currentTest.title,\n    this.currentTest.err ? this.currentTest.err.message : 'Assertion failure',\n    screenshotPath,\n    process.env.DEVICE_NAME || 'Android Emulator',\n    process.env.PLATFORM_VERSION || '13.0',\n    currentActivity\n  );\n  reporter.logStep(\n    this.currentTest.title,\n    'Test Suite Teardown',\n    'FAIL',\n    `Error: ${this.currentTest.err ? this.currentTest.err.message : 'Unknown'}. Logs: ${logsPath}`\n  );\n} else {\n  logger.info(`o TEST PASSED: ${this.currentTest.title}`);\n  reporter.logStep(this.currentTest.title, 'Test Suite Teardown', 'PASS', 'Scenario completed with no errors.');\n}",
              "err": {},
              "uuid": "08940384-c7f7-41fb-b14e-8593f4657749",
              "parentUUID": "bb6152c2-8869-4781-9c2a-f0ac9ea077cb",
              "isHook": true,
              "skipped": false
            }
          ],
          "tests": [
            {
              "title": "TC_301_Execute_Complete_Banking_Safety_Workflow",
              "fullTitle": "Full End-to-End User Workflows TC_301_Execute_Complete_Banking_Safety_Workflow",
              "timedOut": false,
              "duration": 42054,
              "state": "passed",
              "speed": "slow",
              "pass": true,
              "fail": false,
              "pending": false,
              "context": null,
              "code": "this.timeout(180000); // 3 minutes for full flow\n// 1. GUEST LOGIN\nlogger.info('[E2E Step 1] Logging in as Demo Guest');\nawait pages.login.ensureLoggedIn();\nconst isDashboardVisible = await pages.dashboard.isDisplayed(pages.dashboard.safetyStatusBento);\nexpect(isDashboardVisible).to.be.true;\n// 2. SCAN SMS FOR SPAM\nlogger.info('[E2E Step 2] Navigating to SMS Scanner and scanning message');\nawait pages.dashboard.navigateToSms();\nawait pages.sms.scanSmsText('URGENT: Your bank account has been blocked due to suspicious activity. Click here http://safebank-scam-update.com to update your KYC immediately.');\n\n// Wait for analysis\nconst scanResult = await pages.sms.getScanResult();\nlogger.info(`[E2E Step 2] SMS Scan Result: ${scanResult}`);\nexpect(scanResult.toLowerCase()).to.satisfy(\n  txt => txt.includes('risk') || txt.includes('scam') || txt.includes('block') || txt.includes('kyc') || txt.length > 0\n);\n// 3. SIMULATE CALL VISHING WARNING\nlogger.info('[E2E Step 3] Navigating to Call Alert and simulating OTP scam call');\nawait pages.dashboard.navigateToCall();\nawait pages.call.triggerOtpCallPreset();\n// Verify prediction displays\nconst callPrediction = await pages.call.getCallPrediction();\nlogger.info(`[E2E Step 3] Call Spam Prediction: ${callPrediction}`);\n\n// Hangup simulated call\nawait pages.call.hangupActiveCall();\n// 4. REPORT FRAUD\nlogger.info('[E2E Step 4] Navigating to Report Fraud screen');\n// Swipe list or go back to home, then click report tile\nawait pages.dashboard.navigateToHome();\nawait pages.dashboard.clickReportTile();\n\nawait pages.report.submitReport(\n  'Demo User',\n  '+91 1800 425 3800',\n  'UPI OTP phishing attempt offering immediate account update.'\n);\nlogger.info('[E2E Step 4] Report submitted');\n// 5. PROFILE & SETTINGS CHECKS & LOGOUT\nlogger.info('[E2E Step 5] Navigating to Profile to log out');\nawait pages.dashboard.navigateToProfile();\n\nconst emailVal = await pages.profile.getProfileEmail();\nlogger.info(`[E2E Step 5] Profile email retrieved: ${emailVal}`);\nexpect(emailVal.toLowerCase()).to.satisfy(val => val.includes('demo') || val === '');\nawait pages.profile.logout();\n// Redirect to Login\nconst isLoginButtonVisible = await pages.login.isDisplayed(pages.login.loginSubmitBtn);\nexpect(isLoginButtonVisible).to.be.true;\nlogger.info('[E2E Step 5] Successfully logged out and returned to login screen');",
              "err": {},
              "uuid": "ba5d98c7-4a93-4417-a727-bb0bbf84b82d",
              "parentUUID": "bb6152c2-8869-4781-9c2a-f0ac9ea077cb",
              "isHook": false,
              "skipped": false
            },
            {
              "title": "TC_302_Execute_SOS_And_Contact_Management_Workflow",
              "fullTitle": "Full End-to-End User Workflows TC_302_Execute_SOS_And_Contact_Management_Workflow",
              "timedOut": false,
              "duration": 0,
              "state": "pending",
              "speed": null,
              "pass": false,
              "fail": false,
              "pending": true,
              "context": null,
              "code": "",
              "err": {},
              "uuid": "f63c0226-1fbe-4382-a215-11ef6497743a",
              "parentUUID": "bb6152c2-8869-4781-9c2a-f0ac9ea077cb",
              "isHook": false,
              "skipped": false
            },
            {
              "title": "TC_303_Execute_Settings_Accessibility_And_Profile_Workflow",
              "fullTitle": "Full End-to-End User Workflows TC_303_Execute_Settings_Accessibility_And_Profile_Workflow",
              "timedOut": false,
              "duration": 100950,
              "state": "passed",
              "speed": "slow",
              "pass": true,
              "fail": false,
              "pending": false,
              "context": null,
              "code": "this.timeout(180000); // 3 minutes\nlogger.info('[E2E Step 1] Ensuring user is logged in');\nawait pages.login.ensureLoggedIn();\n// 2. Click Settings shortcut card on Dashboard\nlogger.info('[E2E Step 2] Navigating to Settings via Dashboard shortcut card');\nawait pages.dashboard.navigateToHome();\nawait pages.dashboard.clickSettingsShortcut();\nawait new Promise(resolve => setTimeout(resolve, 2000));\n// 3. Toggle voice assist and high contrast switches\nlogger.info('[E2E Step 3] Toggling Accessibility switches');\nawait pages.settings.toggleVoiceAssist();\nawait pages.settings.toggleHighContrast();\nawait new Promise(resolve => setTimeout(resolve, 2000));\n// 4. Navigate to Profile screen and verify logout works under modified UI theme state\nlogger.info('[E2E Step 4] Navigating to Profile to log out');\nawait pages.dashboard.navigateToProfile();\nawait new Promise(resolve => setTimeout(resolve, 1500));\nawait pages.profile.logout();\n// 5. Verify redirected back to Login screen\nconst isLoginButtonVisible = await pages.login.isDisplayed(pages.login.loginSubmitBtn);\nexpect(isLoginButtonVisible).to.be.true;\n// 6. Restore default settings by logging back in, going to settings, and toggling back\nlogger.info('[E2E Step 6] Logging back in to restore settings to defaults');\nawait pages.login.loginAsDemo();\nawait pages.dashboard.clickSettingsShortcut();\nawait pages.settings.toggleVoiceAssist();\nawait pages.settings.toggleHighContrast();\nawait new Promise(resolve => setTimeout(resolve, 2000));\n// Clean up to profile logout\nawait pages.dashboard.navigateToProfile();\nawait pages.profile.logout();\nlogger.info('[E2E] Settings, Accessibility, and Profile workflow completed successfully');",
              "err": {},
              "uuid": "fea5df2c-4476-46a5-8b07-4ab1262f5965",
              "parentUUID": "bb6152c2-8869-4781-9c2a-f0ac9ea077cb",
              "isHook": false,
              "skipped": false
            }
          ],
          "suites": [],
          "passes": [
            "ba5d98c7-4a93-4417-a727-bb0bbf84b82d",
            "fea5df2c-4476-46a5-8b07-4ab1262f5965"
          ],
          "failures": [],
          "pending": [
            "f63c0226-1fbe-4382-a215-11ef6497743a"
          ],
          "skipped": [],
          "duration": 143004,
          "root": false,
          "rootEmpty": false,
          "_timeout": 180000
        },
        {
          "uuid": "c8dc348e-2531-4b3c-ba8d-7552386b69ce",
          "title": "Form Rules & Validation Testing",
          "fullFile": "C:\\Users\\Amulya\\Downloads\\safebank-ai-app\\tests\\formValidation.test.js",
          "file": "\\tests\\formValidation.test.js",
          "beforeHooks": [
            {
              "title": "\"before all\" hook in \"Form Rules & Validation Testing\"",
              "fullTitle": "Form Rules & Validation Testing \"before all\" hook in \"Form Rules & Validation Testing\"",
              "timedOut": false,
              "duration": 16938,
              "state": null,
              "speed": null,
              "pass": false,
              "fail": false,
              "pending": false,
              "context": null,
              "code": "this.timeout(180000); // Allow 3 minutes for app installation/launch\nlogger.info(`Initializing test driver for module: ${moduleName}`);\ndriver = await DriverFactory.createDriver();\n\n// Instantiate all POM classes\npages.login = new LoginPage(driver);\npages.dashboard = new DashboardPage(driver);\npages.sms = new SmsPage(driver);\npages.call = new CallPage(driver);\npages.report = new ReportPage(driver);\npages.profile = new ProfilePage(driver);\npages.chatbot = new ChatbotPage(driver);\npages.sos = new SosPage(driver);\npages.settings = new SettingsPage(driver);\npages.admin = new AdminPage(driver);\n// Relaunch the app to ensure clean initial UI state and clear old persistent error views\nlogger.info('Relaunching app to reset UI state...');\ntry {\n  await driver.terminateApp('com.safebank.ai');\n  await new Promise(resolve => setTimeout(resolve, 2000));\n  await driver.activateApp('com.safebank.ai');\n  await new Promise(resolve => setTimeout(resolve, 4000));\n} catch (e) {\n  logger.warn('Failed to relaunch app during setup:', e.message);\n}",
              "err": {},
              "uuid": "7ebc859d-9b63-4717-8d29-3c199e1cce63",
              "parentUUID": "c8dc348e-2531-4b3c-ba8d-7552386b69ce",
              "isHook": true,
              "skipped": false
            },
            {
              "title": "\"before all\" hook in \"Form Rules & Validation Testing\"",
              "fullTitle": "Form Rules & Validation Testing \"before all\" hook in \"Form Rules & Validation Testing\"",
              "timedOut": false,
              "duration": 16355,
              "state": null,
              "speed": null,
              "pass": false,
              "fail": false,
              "pending": false,
              "context": null,
              "code": "this.timeout(180000);\npages = context.getPages();\n// Log in to access the dashboard\nawait pages.login.ensureLoggedIn();",
              "err": {},
              "uuid": "9905e4db-113d-4050-a6fe-b8147e7f5b7d",
              "parentUUID": "c8dc348e-2531-4b3c-ba8d-7552386b69ce",
              "isHook": true,
              "skipped": false
            },
            {
              "title": "\"before each\" hook in \"Form Rules & Validation Testing\"",
              "fullTitle": "Form Rules & Validation Testing \"before each\" hook in \"Form Rules & Validation Testing\"",
              "timedOut": false,
              "duration": 0,
              "state": null,
              "speed": null,
              "pass": false,
              "fail": false,
              "pending": false,
              "context": null,
              "code": "startTime = new Date();\nlogger.info(`>>> RUNNING TEST: ${this.currentTest.title} <<<`);\nreporter.logStep(this.currentTest.title, 'Test Suite Init', 'SUCCESS', `Starting scenario in module: ${moduleName}`);",
              "err": {},
              "uuid": "41243651-41fd-4f8f-a8a7-24dcd7858b18",
              "parentUUID": "c8dc348e-2531-4b3c-ba8d-7552386b69ce",
              "isHook": true,
              "skipped": false
            }
          ],
          "afterHooks": [
            {
              "title": "\"after all\" hook in \"Form Rules & Validation Testing\"",
              "fullTitle": "Form Rules & Validation Testing \"after all\" hook in \"Form Rules & Validation Testing\"",
              "timedOut": false,
              "duration": 3961,
              "state": null,
              "speed": null,
              "pass": false,
              "fail": false,
              "pending": false,
              "context": null,
              "code": "logger.info(`Tearing down driver for module: ${moduleName}`);\nawait DriverFactory.quitDriver(driver);",
              "err": {},
              "uuid": "87048000-9dda-4241-bf67-f4acd5da332e",
              "parentUUID": "c8dc348e-2531-4b3c-ba8d-7552386b69ce",
              "isHook": true,
              "skipped": false
            },
            {
              "title": "\"after each\" hook in \"Form Rules & Validation Testing\"",
              "fullTitle": "Form Rules & Validation Testing \"after each\" hook in \"Form Rules & Validation Testing\"",
              "timedOut": false,
              "duration": 3,
              "state": null,
              "speed": null,
              "pass": false,
              "fail": false,
              "pending": false,
              "context": null,
              "code": "const status = this.currentTest.state === 'passed' ? 'Passed' : (this.currentTest.state === 'failed' ? 'Failed' : 'Skipped');\nconst endTime = new Date();\n\n// Auto-parse Test ID from naming convention e.g., \"TC_001_Verify_Login\" -> \"TC_001\"\nconst words = this.currentTest.title.split('_');\nconst testId = words[0] && words[0].startsWith('TC') ? words[0] : 'TC_GEN';\nreporter.addTestCase(\n  testId,\n  moduleName,\n  this.currentTest.title,\n  process.env.DEVICE_NAME || 'Android Emulator',\n  status,\n  startTime,\n  endTime\n);\nif (status === 'Failed') {\n  logger.error(`x TEST FAILED: ${this.currentTest.title}`);\n  \n  // Capture screenshots and logcat dumps on failure\n  const screenshotPath = await Helpers.captureScreenshot(driver, this.currentTest.title);\n  const logsPath = await Helpers.captureDeviceLogs(driver, this.currentTest.title);\n  \n  let currentActivity = 'Unknown';\n  try {\n    currentActivity = await driver.getCurrentActivity();\n  } catch (e) {\n    logger.warn('Could not retrieve current activity name.');\n  }\n  reporter.addFailedTest(\n    this.currentTest.title,\n    this.currentTest.err ? this.currentTest.err.message : 'Assertion failure',\n    screenshotPath,\n    process.env.DEVICE_NAME || 'Android Emulator',\n    process.env.PLATFORM_VERSION || '13.0',\n    currentActivity\n  );\n  reporter.logStep(\n    this.currentTest.title,\n    'Test Suite Teardown',\n    'FAIL',\n    `Error: ${this.currentTest.err ? this.currentTest.err.message : 'Unknown'}. Logs: ${logsPath}`\n  );\n} else {\n  logger.info(`o TEST PASSED: ${this.currentTest.title}`);\n  reporter.logStep(this.currentTest.title, 'Test Suite Teardown', 'PASS', 'Scenario completed with no errors.');\n}",
              "err": {},
              "uuid": "e1436717-b47f-4980-8271-1a7f06ed03bb",
              "parentUUID": "c8dc348e-2531-4b3c-ba8d-7552386b69ce",
              "isHook": true,
              "skipped": false
            }
          ],
          "tests": [
            {
              "title": "TC_101_Verify_Report_Fraud_Empty_Submission_Validation",
              "fullTitle": "Form Rules & Validation Testing TC_101_Verify_Report_Fraud_Empty_Submission_Validation",
              "timedOut": false,
              "duration": 10630,
              "state": "passed",
              "speed": "slow",
              "pass": true,
              "fail": false,
              "pending": false,
              "context": null,
              "code": "this.timeout(120000);\n// Navigate to Report Fraud page via dashboard tile\nawait pages.dashboard.clickReportTile();\n// Click submit directly with empty fields\nawait pages.report.click(pages.report.reportSubmitBtn);\n// Verify confirmation message does not display\nconst isSubmitted = await pages.report.isReportSubmittedSuccessfully();\nexpect(isSubmitted).to.be.false;",
              "err": {},
              "uuid": "20e958bc-df3c-46dd-8ea7-b197cf50e560",
              "parentUUID": "c8dc348e-2531-4b3c-ba8d-7552386b69ce",
              "isHook": false,
              "skipped": false
            },
            {
              "title": "TC_102_Verify_Report_Fraud_Successful_Submission",
              "fullTitle": "Form Rules & Validation Testing TC_102_Verify_Report_Fraud_Successful_Submission",
              "timedOut": false,
              "duration": 5810,
              "state": "passed",
              "speed": "slow",
              "pass": true,
              "fail": false,
              "pending": false,
              "context": null,
[...]
              "state": "passed",
              "speed": "slow",
              "pass": true,
              "fail": false,
              "pending": false,
              "context": null,
              "code": "this.timeout(120000);\nawait pages.dashboard.navigateToHome();\nawait pages.dashboard.clickSettingsShortcut();\nawait new Promise(resolve => setTimeout(resolve, 1500));\n// Select Large text size\nawait pages.settings.setTextScale('large');\nawait new Promise(resolve => setTimeout(resolve, 1000));\n// Restore standard text size\nawait pages.settings.setTextScale('standard');\nexpect(true).to.be.true;",
              "err": {},
              "uuid": "38eee7a8-54ad-48aa-ac36-616fd18e409e",
              "parentUUID": "a3ec77a8-988b-4cca-8886-435eceb7276b",
              "isHook": false,
              "skipped": false
            },
            {
              "title": "TC_808_Verify_Text_Scale_Extra_Large",
              "fullTitle": "Settings & Accessibility Preferences TC_808_Verify_Text_Scale_Extra_Large",
              "timedOut": false,
              "duration": 45153,
              "state": "passed",
              "speed": "slow",
              "pass": true,
              "fail": false,
              "pending": false,
              "context": null,
              "code": "this.timeout(120000);\nawait pages.dashboard.navigateToHome();\nawait pages.dashboard.clickSettingsShortcut();\nawait new Promise(resolve => setTimeout(resolve, 1500));\n// Select Extra Large text size\nawait pages.settings.setTextScale('extra');\nawait new Promise(resolve => setTimeout(resolve, 1000));\n// Restore standard text size\nawait pages.settings.setTextScale('standard');\nexpect(true).to.be.true;",
              "err": {},
              "uuid": "e3d43ce4-243d-4716-b0f7-cb8c28c5a6b4",
              "parentUUID": "a3ec77a8-988b-4cca-8886-435eceb7276b",
              "isHook": false,
              "skipped": false
            }
          ],
          "suites": [],
          "passes": [
            "2f1c2e20-6166-4ea1-8cce-423f71718b94",
            "95ddf0c1-3d06-4d7e-9638-8f7ecb452f36",
            "1caa231b-c7cd-43e9-abae-11e811ba122f",
            "bee2d2d1-2a65-4e6d-89d6-776ab80afa54",
            "1fcf8a64-3f3d-4306-a4de-891a7e027236",
            "453fcff7-fe21-4532-a3e4-6b872934d6c0",
            "38eee7a8-54ad-48aa-ac36-616fd18e409e",
            "e3d43ce4-243d-4716-b0f7-cb8c28c5a6b4"
          ],
          "failures": [],
          "pending": [],
          "skipped": [],
          "duration": 147187,
          "root": false,
          "rootEmpty": false,
          "_timeout": 180000
        },
        {
          "uuid": "cd3a06cb-7829-4606-9150-33893a474c2f",
          "title": "SMS Spam Scanner",
          "fullFile": "C:\\Users\\Amulya\\Downloads\\safebank-ai-app\\tests\\sms.test.js",
          "file": "\\tests\\sms.test.js",
          "beforeHooks": [
            {
              "title": "\"before all\" hook in \"SMS Spam Scanner\"",
              "fullTitle": "SMS Spam Scanner \"before all\" hook in \"SMS Spam Scanner\"",
              "timedOut": false,
              "duration": 19598,
              "state": null,
              "speed": null,
              "pass": false,
              "fail": false,
              "pending": false,
              "context": null,
              "code": "this.timeout(180000); // Allow 3 minutes for app installation/launch\nlogger.info(`Initializing test driver for module: ${moduleName}`);\ndriver = await DriverFactory.createDriver();\n\n// Instantiate all POM classes\npages.login = new LoginPage(driver);\npages.dashboard = new DashboardPage(driver);\npages.sms = new SmsPage(driver);\npages.call = new CallPage(driver);\npages.report = new ReportPage(driver);\npages.profile = new ProfilePage(driver);\npages.chatbot = new ChatbotPage(driver);\npages.sos = new SosPage(driver);\npages.settings = new SettingsPage(driver);\npages.admin = new AdminPage(driver);\n// Relaunch the app to ensure clean initial UI state and clear old persistent error views\nlogger.info('Relaunching app to reset UI state...');\ntry {\n  await driver.terminateApp('com.safebank.ai');\n  await new Promise(resolve => setTimeout(resolve, 2000));\n  await driver.activateApp('com.safebank.ai');\n  await new Promise(resolve => setTimeout(resolve, 4000));\n} catch (e) {\n  logger.warn('Failed to relaunch app during setup:', e.message);\n}",
              "err": {},
              "uuid": "6017d17c-226b-41b2-b66e-436f7549863a",
              "parentUUID": "cd3a06cb-7829-4606-9150-33893a474c2f",
              "isHook": true,
              "skipped": false
            },
            {
              "title": "\"before all\" hook in \"SMS Spam Scanner\"",
              "fullTitle": "SMS Spam Scanner \"before all\" hook in \"SMS Spam Scanner\"",
              "timedOut": false,
              "duration": 698,
              "state": null,
              "speed": null,
              "pass": false,
              "fail": false,
              "pending": false,
              "context": null,
              "code": "this.timeout(180000);\npages = context.getPages();\nawait pages.login.ensureLoggedIn();",
              "err": {},
              "uuid": "50da50e6-34f4-4af6-9db6-dd041ff57a04",
              "parentUUID": "cd3a06cb-7829-4606-9150-33893a474c2f",
              "isHook": true,
              "skipped": false
            },
            {
              "title": "\"before each\" hook in \"SMS Spam Scanner\"",
              "fullTitle": "SMS Spam Scanner \"before each\" hook in \"SMS Spam Scanner\"",
              "timedOut": false,
              "duration": 1,
              "state": null,
              "speed": null,
              "pass": false,
              "fail": false,
              "pending": false,
              "context": null,
              "code": "startTime = new Date();\nlogger.info(`>>> RUNNING TEST: ${this.currentTest.title} <<<`);\nreporter.logStep(this.currentTest.title, 'Test Suite Init', 'SUCCESS', `Starting scenario in module: ${moduleName}`);",
              "err": {},
              "uuid": "f112eab6-be44-422d-b063-04138a686fed",
              "parentUUID": "cd3a06cb-7829-4606-9150-33893a474c2f",
              "isHook": true,
              "skipped": false
            }
          ],
          "afterHooks": [
            {
              "title": "\"after all\" hook in \"SMS Spam Scanner\"",
              "fullTitle": "SMS Spam Scanner \"after all\" hook in \"SMS Spam Scanner\"",
              "timedOut": false,
              "duration": 3920,
              "state": null,
              "speed": null,
              "pass": false,
              "fail": false,
              "pending": false,
              "context": null,
              "code": "logger.info(`Tearing down driver for module: ${moduleName}`);\nawait DriverFactory.quitDriver(driver);",
              "err": {},
              "uuid": "ca06720a-fd0d-49e2-bcda-ea091ab993f9",
              "parentUUID": "cd3a06cb-7829-4606-9150-33893a474c2f",
              "isHook": true,
              "skipped": false
            },
            {
              "title": "\"after each\" hook in \"SMS Spam Scanner\"",
              "fullTitle": "SMS Spam Scanner \"after each\" hook in \"SMS Spam Scanner\"",
              "timedOut": false,
              "duration": 1,
              "state": null,
              "speed": null,
              "pass": false,
              "fail": false,
              "pending": false,
              "context": null,
              "code": "const status = this.currentTest.state === 'passed' ? 'Passed' : (this.currentTest.state === 'failed' ? 'Failed' : 'Skipped');\nconst endTime = new Date();\n\n// Auto-parse Test ID from naming convention e.g., \"TC_001_Verify_Login\" -> \"TC_001\"\nconst words = this.currentTest.title.split('_');\nconst testId = words[0] && words[0].startsWith('TC') ? words[0] : 'TC_GEN';\nreporter.addTestCase(\n  testId,\n  moduleName,\n  this.currentTest.title,\n  process.env.DEVICE_NAME || 'Android Emulator',\n  status,\n  startTime,\n  endTime\n);\nif (status === 'Failed') {\n  logger.error(`x TEST FAILED: ${this.currentTest.title}`);\n  \n  // Capture screenshots and logcat dumps on failure\n  const screenshotPath = await Helpers.captureScreenshot(driver, this.currentTest.title);\n  const logsPath = await Helpers.captureDeviceLogs(driver, this.currentTest.title);\n  \n  let currentActivity = 'Unknown';\n  try {\n    currentActivity = await driver.getCurrentActivity();\n  } catch (e) {\n    logger.warn('Could not retrieve current activity name.');\n  }\n  reporter.addFailedTest(\n    this.currentTest.title,\n    this.currentTest.err ? this.currentTest.err.message : 'Assertion failure',\n    screenshotPath,\n    process.env.DEVICE_NAME || 'Android Emulator',\n    process.env.PLATFORM_VERSION || '13.0',\n    currentActivity\n  );\n  reporter.logStep(\n    this.currentTest.title,\n    'Test Suite Teardown',\n    'FAIL',\n    `Error: ${this.currentTest.err ? this.currentTest.err.message : 'Unknown'}. Logs: ${logsPath}`\n  );\n} else {\n  logger.info(`o TEST PASSED: ${this.currentTest.title}`);\n  reporter.logStep(this.currentTest.title, 'Test Suite Teardown', 'PASS', 'Scenario completed with no errors.');\n}",
              "err": {},
              "uuid": "ee5a50e4-15d9-429f-a86e-d3b7704d6889",
              "parentUUID": "cd3a06cb-7829-4606-9150-33893a474c2f",
              "isHook": true,
              "skipped": false
            }
          ],
          "tests": [
            {
              "title": "TC_501_Verify_Sms_Scan_Empty_Input",
              "fullTitle": "SMS Spam Scanner TC_501_Verify_Sms_Scan_Empty_Input",
              "timedOut": false,
              "duration": 47783,
              "state": "passed",
              "speed": "slow",
              "pass": true,
              "fail": false,
              "pending": false,
              "context": null,
              "code": "this.timeout(120000);\nawait pages.dashboard.navigateToSms();\n// Scan empty text\nawait pages.sms.scanSmsText('');\nconst scanResult = await pages.sms.getScanResult();\nexpect(scanResult.toLowerCase()).to.satisfy(\n  txt => txt.includes('no result') || txt.includes('error') || txt === ''\n);",
              "err": {},
              "uuid": "126e83f1-c7e3-4f24-b1e2-56ea97bde5e9",
              "parentUUID": "cd3a06cb-7829-4606-9150-33893a474c2f",
              "isHook": false,
              "skipped": false
            },
            {
              "title": "TC_502_Verify_Sms_Scan_Fraud_Message",
              "fullTitle": "SMS Spam Scanner TC_502_Verify_Sms_Scan_Fraud_Message",
              "timedOut": false,
              "duration": 12835,
              "state": "passed",
              "speed": "slow",
              "pass": true,
              "fail": false,
              "pending": false,
              "context": null,
              "code": "this.timeout(150000);\nawait pages.dashboard.navigateToSms();\n// Input high risk financial fraud/phishing text\nconst scamSms = 'CONGRATS! You won 1 Crore Cash Prize. Pay 5000 processing tax to UPI ID lotto@pay immediately to retrieve your funds.';\nawait pages.sms.scanSmsText(scamSms);\n// Verify scan returns risk/spam prediction from local mock/Gemini API\nconst scanResult = await pages.sms.getScanResult();\nexpect(scanResult.toLowerCase()).to.satisfy(\n  txt => txt.includes('risk') || txt.includes('spam') || txt.includes('lotto') || txt.includes('fraud') || txt.includes('wait') || txt.length > 0\n);",
              "err": {},
              "uuid": "c46ee8a0-88c4-40f0-8f97-e2000047305a",
              "parentUUID": "cd3a06cb-7829-4606-9150-33893a474c2f",
              "isHook": false,
              "skipped": false
            },
            {
              "title": "TC_503_Verify_Sms_Scan_Safe_Message",
              "fullTitle": "SMS Spam Scanner TC_503_Verify_Sms_Scan_Safe_Message",
              "timedOut": false,
              "duration": 3928,
              "state": "passed",
              "speed": "slow",
              "pass": true,
              "fail": false,
              "pending": false,
              "context": null,
              "code": "this.timeout(150000);\nawait pages.dashboard.navigateToSms();\n// Input safe generic message\nconst safeSms = 'Hello! Let us meet tomorrow at 10 AM for lunch at our family home.';\nawait pages.sms.scanSmsText(safeSms);\n// Verify response indicates safe or normal\nconst scanResult = await pages.sms.getScanResult();\nexpect(scanResult.toLowerCase()).to.satisfy(\n  txt => txt.includes('safe') || txt.includes('normal') || txt.includes('wait') || txt.length > 0\n);",
              "err": {},
              "uuid": "459202b2-7e60-498d-bbf3-de5e9f9b0c27",
              "parentUUID": "cd3a06cb-7829-4606-9150-33893a474c2f",
              "isHook": false,
              "skipped": false
            },
            {
              "title": "TC_504_Verify_Sms_Scan_UPI_Scam",
              "fullTitle": "SMS Spam Scanner TC_504_Verify_Sms_Scan_UPI_Scam",
              "timedOut": false,
              "duration": 2996,
              "state": "passed",
              "speed": "slow",
              "pass": true,
              "fail": false,
              "pending": false,
              "context": null,
              "code": "this.timeout(150000);\nawait pages.dashboard.navigateToSms();\nconst upiSms = 'Urgent: Your UPI payment of Rs. 10,000 is pending. Click here to confirm details: https://fake-upi-update.com';\nawait pages.sms.scanSmsText(upiSms);\nconst scanResult = await pages.sms.getScanResult();\nexpect(scanResult.toLowerCase()).to.satisfy(\n  txt => txt.includes('risk') || txt.includes('spam') || txt.includes('fraud') || txt.includes('wait') || txt.length > 0\n);",
              "err": {},
              "uuid": "8fe7c05c-0b04-4324-8908-f3e8f3d42e78",
              "parentUUID": "cd3a06cb-7829-4606-9150-33893a474c2f",
              "isHook": false,
              "skipped": false
            },
            {
              "title": "TC_505_Verify_Sms_Scan_Card_Block_Scam",
              "fullTitle": "SMS Spam Scanner TC_505_Verify_Sms_Scan_Card_Block_Scam",
              "timedOut": false,
              "duration": 4961,
              "state": "passed",
              "speed": "slow",
              "pass": true,
              "fail": false,
              "pending": false,
              "context": null,
              "code": "this.timeout(150000);\nawait pages.dashboard.navigateToSms();\nconst cardSms = 'Alert: Your debit card has been blocked. Call support immediately at +91 97184 02091 to unblock.';\nawait pages.sms.scanSmsText(cardSms);\nconst scanResult = await pages.sms.getScanResult();\nexpect(scanResult.toLowerCase()).to.satisfy(\n  txt => txt.includes('risk') || txt.includes('spam') || txt.includes('fraud') || txt.includes('wait') || txt.length > 0\n);",
              "err": {},
              "uuid": "d7ca30f4-fcf2-4f20-8ab2-09801193db7d",
              "parentUUID": "cd3a06cb-7829-4606-9150-33893a474c2f",
              "isHook": false,
              "skipped": false
            }
          ],
          "suites": [],
          "passes": [
            "126e83f1-c7e3-4f24-b1e2-56ea97bde5e9",
            "c46ee8a0-88c4-40f0-8f97-e2000047305a",
            "459202b2-7e60-498d-bbf3-de5e9f9b0c27",
            "8fe7c05c-0b04-4324-8908-f3e8f3d42e78",
            "d7ca30f4-fcf2-4f20-8ab2-09801193db7d"
          ],
          "failures": [],
          "pending": [],
          "skipped": [],
          "duration": 72503,
          "root": false,
          "rootEmpty": false,
          "_timeout": 180000
        },
        {
          "uuid": "bbc2c41b-49ac-4603-821d-d05cac86ffa1",
          "title": "Emergency SOS & Contact Management",
          "fullFile": "C:\\Users\\Amulya\\Downloads\\safebank-ai-app\\tests\\sos.test.js",
          "file": "\\tests\\sos.test.js",
          "beforeHooks": [],
          "afterHooks": [],
          "tests": [
            {
              "title": "TC_701_Verify_Sos_Activation_And_Cancellation",
              "fullTitle": "Emergency SOS & Contact Management TC_701_Verify_Sos_Activation_And_Cancellation",
              "timedOut": false,
              "duration": 0,
              "state": "pending",
              "speed": null,
              "pass": false,
              "fail": false,
              "pending": true,
              "context": null,
              "code": "",
              "err": {},
              "uuid": "c686c7ed-8695-4c0e-9872-9e80f8a25ca9",
              "parentUUID": "bbc2c41b-49ac-4603-821d-d05cac86ffa1",
              "isHook": false,
              "skipped": false
            },
            {
              "title": "TC_702_Verify_Add_Emergency_Contact_Validation",
              "fullTitle": "Emergency SOS & Contact Management TC_702_Verify_Add_Emergency_Contact_Validation",
              "timedOut": false,
              "duration": 0,
              "state": "pending",
              "speed": null,
              "pass": false,
              "fail": false,
              "pending": true,
              "context": null,
              "code": "",
              "err": {},
              "uuid": "d967e2cc-b8ce-4416-bbd3-50ef4282bfdc",
              "parentUUID": "bbc2c41b-49ac-4603-821d-d05cac86ffa1",
              "isHook": false,
              "skipped": false
            },
            {
              "title": "TC_703_Verify_Successful_Add_Emergency_Contact",
              "fullTitle": "Emergency SOS & Contact Management TC_703_Verify_Successful_Add_Emergency_Contact",
              "timedOut": false,
              "duration": 0,
              "state": "pending",
              "speed": null,
              "pass": false,
              "fail": false,
              "pending": true,
              "context": null,
              "code": "",
              "err": {},
              "uuid": "1f2ae2f8-1a1c-444c-bd5d-224cbcb580b0",
              "parentUUID": "bbc2c41b-49ac-4603-821d-d05cac86ffa1",
              "isHook": false,
              "skipped": false
            },
            {
              "title": "TC_704_Verify_Delete_Emergency_Contact",
              "fullTitle": "Emergency SOS & Contact Management TC_704_Verify_Delete_Emergency_Contact",
              "timedOut": false,
              "duration": 0,
              "state": "pending",
              "speed": null,
              "pass": false,
              "fail": false,
              "pending": true,
              "context": null,
              "code": "",
              "err": {},
              "uuid": "d5f86103-c482-4ee9-a82a-5f3631367b5d",
              "parentUUID": "bbc2c41b-49ac-4603-821d-d05cac86ffa1",
              "isHook": false,
              "skipped": false
            }
          ],
          "suites": [],
          "passes": [],
          "failures": [],
          "pending": [
            "c686c7ed-8695-4c0e-9872-9e80f8a25ca9",
            "d967e2cc-b8ce-4416-bbd3-50ef4282bfdc",
            "1f2ae2f8-1a1c-444c-bd5d-224cbcb580b0",
            "d5f86103-c482-4ee9-a82a-5f3631367b5d"
          ],
          "skipped": [],
          "duration": 0,
          "root": false,
          "rootEmpty": false,
          "_timeout": 180000
        }
      ],
      "passes": [],
      "failures": [],
      "pending": [],
      "skipped": [],
      "duration": 0,
      "root": true,
      "rootEmpty": true,
      "_timeout": 180000
    }
  ],
  "meta": {
    "mocha": {
      "version": "10.8.2"
    },
    "mochawesome": {
      "options": {
        "quiet": false,
        "reportFilename": "mochawesome-report",
        "saveHtml": true,
        "saveJson": true,
        "consoleReporter": "spec",
        "useInlineDiffs": false,
        "code": true
      },
      "version": "7.1.4"
    },
    "marge": {
      "options": {
        "reportDir": "reports",
        "reportFilename": "mochawesome-report",
        "html": "true",
        "json": "true"
      },
      "version": "6.3.2"
    }
  }
}