{
  "stats": {
    "suites": 1,
    "tests": 15,
    "passes": 15,
    "pending": 0,
    "failures": 0,
    "start": "2026-06-15T05:01:45.543Z",
    "end": "2026-06-15T05:12:03.221Z",
    "duration": 617678,
    "testsRegistered": 15,
    "passPercent": 100,
    "pendingPercent": 0,
    "other": 0,
    "hasOther": false,
    "skipped": 0,
    "hasSkipped": false
  },
  "results": [
    {
      "uuid": "b60b8529-9785-49ee-81b4-8474dbac1e6a",
      "title": "",
      "fullFile": "C:\\Users\\Amulya\\Downloads\\safebank-ai-app\\tests\\auth.test.js",
      "file": "\\tests\\auth.test.js",
      "beforeHooks": [],
      "afterHooks": [
        {
          "title": "\"after all\" hook in \"{root}\"",
          "fullTitle": "\"after all\" hook in \"{root}\"",
          "timedOut": false,
          "duration": 113,
          "state": null,
          "speed": null,
          "pass": false,
          "fail": false,
          "pending": false,
          "context": null,
          "code": "this.timeout(30000);\nlogger.info('ALL TEST SUITES COMPLETED. Generating Excel report...');\nconst reporter = ExcelReporter.getInstance();\nawait reporter.generateReport(\n  process.env.DEVICE_NAME || 'Android Emulator',\n  process.env.PLATFORM_VERSION || '13.0'\n);",
          "err": {},
          "uuid": "1a4e98de-d448-4b19-b657-a20f5f112265",
          "parentUUID": "b60b8529-9785-49ee-81b4-8474dbac1e6a",
          "isHook": true,
          "skipped": false
        }
      ],
      "tests": [],
      "suites": [
        {
          "uuid": "438439df-e77d-4132-8d58-477fc2f14e27",
          "title": "Authentication & Session Management",
          "fullFile": "C:\\Users\\Amulya\\Downloads\\safebank-ai-app\\tests\\auth.test.js",
          "file": "\\tests\\auth.test.js",
          "beforeHooks": [
            {
              "title": "\"before all\" hook in \"Authentication & Session Management\"",
              "fullTitle": "Authentication & Session Management \"before all\" hook in \"Authentication & Session Management\"",
              "timedOut": false,
              "duration": 20798,
              "state": null,
              "speed": null,
              "pass": false,
              "fail": false,
              "pending": false,
              "context": null,
              "code": "this.timeout(180000); // Allow 3 minutes for app installation/launch\nlogger.info(`Initializing test driver for module: ${moduleName}`);\ndriver = await DriverFactory.createDriver();\n\n// Instantiate all POM classes\npages.login = new LoginPage(driver);\npages.dashboard = new DashboardPage(driver);\npages.sms = new SmsPage(driver);\npages.call = new CallPage(driver);\npages.report = new ReportPage(driver);\npages.profile = new ProfilePage(driver);\npages.chatbot = new ChatbotPage(driver);\npages.sos = new SosPage(driver);\npages.settings = new SettingsPage(driver);\npages.admin = new AdminPage(driver);\n// Relaunch the app to ensure clean initial UI state and clear old persistent error views\nlogger.info('Relaunching app to reset UI state...');\ntry {\n  await driver.terminateApp('com.safebank.ai');\n  await new Promise(resolve => setTimeout(resolve, 2000));\n  await driver.activateApp('com.safebank.ai');\n  await new Promise(resolve => setTimeout(resolve, 4000));\n} catch (e) {\n  logger.warn('Failed to relaunch app during setup:', e.message);\n}",
              "err": {},
              "uuid": "a0336146-ff80-4d7a-bee2-1ef13ce07638",
              "parentUUID": "438439df-e77d-4132-8d58-477fc2f14e27",
              "isHook": true,
              "skipped": false
            },
            {
              "title": "\"before all\" hook in \"Authentication & Session Management\"",
              "fullTitle": "Authentication & Session Management \"before all\" hook in \"Authentication & Session Management\"",
              "timedOut": false,
              "duration": 35997,
              "state": null,
              "speed": null,
              "pass": false,
              "fail": false,
              "pending": false,
              "context": null,
              "code": "this.timeout(180000);\npages = context.getPages();\nawait pages.login.ensureLoggedOut();",
              "err": {},
              "uuid": "2af31789-2afd-4767-87fe-56e7eae4b09e",
              "parentUUID": "438439df-e77d-4132-8d58-477fc2f14e27",
              "isHook": true,
              "skipped": false
            },
            {
              "title": "\"before each\" hook in \"Authentication & Session Management\"",
              "fullTitle": "Authentication & Session Management \"before each\" hook in \"Authentication & Session Management\"",
              "timedOut": false,
              "duration": 1,
              "state": null,
              "speed": null,
              "pass": false,
              "fail": false,
              "pending": false,
              "context": null,
              "code": "startTime = new Date();\nlogger.info(`>>> RUNNING TEST: ${this.currentTest.title} <<<`);\nreporter.logStep(this.currentTest.title, 'Test Suite Init', 'SUCCESS', `Starting scenario in module: ${moduleName}`);",
              "err": {},
              "uuid": "43c2aa3e-5c94-4f3b-9dc3-c4c29f771702",
              "parentUUID": "438439df-e77d-4132-8d58-477fc2f14e27",
              "isHook": true,
              "skipped": false
            }
          ],
          "afterHooks": [
            {
              "title": "\"after all\" hook in \"Authentication & Session Management\"",
              "fullTitle": "Authentication & Session Management \"after all\" hook in \"Authentication & Session Management\"",
              "timedOut": false,
              "duration": 4026,
              "state": null,
              "speed": null,
              "pass": false,
              "fail": false,
              "pending": false,
              "context": null,
              "code": "logger.info(`Tearing down driver for module: ${moduleName}`);\nawait DriverFactory.quitDriver(driver);",
              "err": {},
              "uuid": "cfc7b638-3792-45e9-8468-812c279f053e",
              "parentUUID": "438439df-e77d-4132-8d58-477fc2f14e27",
              "isHook": true,
              "skipped": false
            },
            {
              "title": "\"after each\" hook in \"Authentication & Session Management\"",
              "fullTitle": "Authentication & Session Management \"after each\" hook in \"Authentication & Session Management\"",
              "timedOut": false,
              "duration": 0,
              "state": null,
              "speed": null,
              "pass": false,
              "fail": false,
              "pending": false,
              "context": null,
              "code": "const status = this.currentTest.state === 'passed' ? 'Passed' : (this.currentTest.state === 'failed' ? 'Failed' : 'Skipped');\nconst endTime = new Date();\n\n// Auto-parse Test ID from naming convention e.g., \"TC_001_Verify_Login\" -> \"TC_001\"\nconst words = this.currentTest.title.split('_');\nconst testId = words[0] && words[0].startsWith('TC') ? words[0] : 'TC_GEN';\nreporter.addTestCase(\n  testId,\n  moduleName,\n  this.currentTest.title,\n  process.env.DEVICE_NAME || 'Android Emulator',\n  status,\n  startTime,\n  endTime\n);\nif (status === 'Failed') {\n  logger.error(`x TEST FAILED: ${this.currentTest.title}`);\n  \n  // Capture screenshots and logcat dumps on failure\n  const screenshotPath = await Helpers.captureScreenshot(driver, this.currentTest.title);\n  const logsPath = await Helpers.captureDeviceLogs(driver, this.currentTest.title);\n  \n  let currentActivity = 'Unknown';\n  try {\n    currentActivity = await driver.getCurrentActivity();\n  } catch (e) {\n    logger.warn('Could not retrieve current activity name.');\n  }\n  reporter.addFailedTest(\n    this.currentTest.title,\n    this.currentTest.err ? this.currentTest.err.message : 'Assertion failure',\n    screenshotPath,\n    process.env.DEVICE_NAME || 'Android Emulator',\n    process.env.PLATFORM_VERSION || '13.0',\n    currentActivity\n  );\n  reporter.logStep(\n    this.currentTest.title,\n    'Test Suite Teardown',\n    'FAIL',\n    `Error: ${this.currentTest.err ? this.currentTest.err.message : 'Unknown'}. Logs: ${logsPath}`\n  );\n} else {\n  logger.info(`o TEST PASSED: ${this.currentTest.title}`);\n  reporter.logStep(this.currentTest.title, 'Test Suite Teardown', 'PASS', 'Scenario completed with no errors.');\n}",
              "err": {},
              "uuid": "a3ee13f8-9755-45a6-aecf-5921abb37f31",
              "parentUUID": "438439df-e77d-4132-8d58-477fc2f14e27",
              "isHook": true,
              "skipped": false
            }
          ],
          "tests": [
            {
              "title": "TC_001_Verify_Login_Validation_Empty_Fields",
              "fullTitle": "Authentication & Session Management TC_001_Verify_Login_Validation_Empty_Fields",
              "timedOut": false,
              "duration": 4977,
              "state": "passed",
              "speed": "slow",
              "pass": true,
              "fail": false,
              "pending": false,
              "context": null,
              "code": "this.timeout(120000);\n// Click submit directly with empty fields\nawait pages.login.click(pages.login.loginSubmitBtn);\n\n// Check validation message\nconst errorMsg = await pages.login.getErrorMessage();\nexpect(errorMsg.toLowerCase()).to.include('please enter');",
              "err": {},
              "uuid": "d5b4e34c-ddb7-4a09-9722-b1d0e0d94a30",
              "parentUUID": "438439df-e77d-4132-8d58-477fc2f14e27",
              "isHook": false,
              "skipped": false
            },
            {
              "title": "TC_002_Verify_Login_Validation_Invalid_Format",
              "fullTitle": "Authentication & Session Management TC_002_Verify_Login_Validation_Invalid_Format",
              "timedOut": false,
              "duration": 4938,
              "state": "passed",
              "speed": "slow",
              "pass": true,
              "fail": false,
              "pending": false,
              "context": null,
              "code": "this.timeout(120000);\n// Submit login with invalid formatted email\nawait pages.login.login('invalidemail', 'short');\n\n// Check validation message\nconst errorMsg = await pages.login.getErrorMessage();\nexpect(errorMsg.toLowerCase()).to.satisfy(\n  err => err.includes('invalid') || err.includes('error') || err.includes('please enter') || err.length > 0\n);",
              "err": {},
              "uuid": "76ba8a5c-e663-46fd-bf13-7e0f63288946",
              "parentUUID": "438439df-e77d-4132-8d58-477fc2f14e27",
              "isHook": false,
              "skipped": false
            },
            {
              "title": "TC_003_Verify_OTP_Login_Bypass",
              "fullTitle": "Authentication & Session Management TC_003_Verify_OTP_Login_Bypass",
              "timedOut": false,
              "duration": 68531,
              "state": "passed",
              "speed": "slow",
              "pass": true,
              "fail": false,
              "pending": false,
              "context": null,
              "code": "this.timeout(120000);\n// Log in using the OTP bypass flow\nawait pages.login.loginAsDemo();\n// Verify dashboard displays\nconst isDashboardVisible = await pages.dashboard.isDisplayed(pages.dashboard.safetyStatusBento);\nexpect(isDashboardVisible).to.be.true;",
              "err": {},
              "uuid": "0ae70549-b7e2-44b2-a1b5-ae4b391a3da8",
              "parentUUID": "438439df-e77d-4132-8d58-477fc2f14e27",
              "isHook": false,
              "skipped": false
            },
            {
              "title": "TC_004_Verify_Logout_Functionality",
              "fullTitle": "Authentication & Session Management TC_004_Verify_Logout_Functionality",
              "timedOut": false,
              "duration": 6709,
              "state": "passed",
              "speed": "slow",
              "pass": true,
              "fail": false,
              "pending": false,
              "context": null,
              "code": "this.timeout(120000);\n// Navigate to profile tab\nawait pages.dashboard.navigateToProfile();\n// Click logout\nawait pages.profile.logout();\n// Verify redirected back to Login screen\nconst isLoginButtonVisible = await pages.login.isDisplayed(pages.login.loginSubmitBtn);\nexpect(isLoginButtonVisible).to.be.true;",
              "err": {},
              "uuid": "6e5d5d02-9cb0-4a31-b2ee-a043f07646ed",
              "parentUUID": "438439df-e77d-4132-8d58-477fc2f14e27",
              "isHook": false,
              "skipped": false
            },
            {
              "title": "TC_005_Verify_Login_With_OTP_Toggle",
              "fullTitle": "Authentication & Session Management TC_005_Verify_Login_With_OTP_Toggle",
              "timedOut": false,
              "duration": 38054,
              "state": "passed",
              "speed": "slow",
              "pass": true,
              "fail": false,
              "pending": false,
              "context": null,
              "code": "this.timeout(120000);\nawait pages.login.ensureOtpMode(true);\nconst isOtpFieldOrBtnVisible = await pages.login.isDisplayed(pages.login.otpToggleBtn);\nexpect(isOtpFieldOrBtnVisible).to.be.true;\n// Toggle back to password for subsequent test context clean setup\nawait pages.login.ensureOtpMode(false);",
              "err": {},
              "uuid": "523f67af-626c-4145-9082-0a035f0bcd38",
              "parentUUID": "438439df-e77d-4132-8d58-477fc2f14e27",
              "isHook": false,
              "skipped": false
            },
            {
              "title": "TC_006_Verify_OTP_Request_Valid_Email",
              "fullTitle": "Authentication & Session Management TC_006_Verify_OTP_Request_Valid_Email",
              "timedOut": false,
              "duration": 56014,
              "state": "passed",
              "speed": "slow",
              "pass": true,
              "fail": false,
              "pending": false,
              "context": null,
              "code": "this.timeout(120000);\nawait pages.login.ensureOtpMode(true);\nawait pages.login.setValue(pages.login.emailField, 'testotp@safebank.ai');\nawait pages.login.click(pages.login.loginSubmitBtn);\nconst errorMsg = await pages.login.getErrorMessage();\n// In demo mode or offline, dynamic messages display verification info or errors\n// Since mock logic in viewModel allows demo verification, we wait for OTP sent status or success alert\nexpect(errorMsg).to.not.include('valid email address');\nawait pages.login.clickChangeEmail();\nawait pages.login.ensureOtpMode(false);",
              "err": {},
              "uuid": "4606b600-6d43-48bc-ac4a-4e7e531e3c51",
              "parentUUID": "438439df-e77d-4132-8d58-477fc2f14e27",
              "isHook": false,
              "skipped": false
            },
            {
              "title": "TC_007_Verify_OTP_Request_Invalid_Email",
              "fullTitle": "Authentication & Session Management TC_007_Verify_OTP_Request_Invalid_Email",
              "timedOut": false,
              "duration": 63672,
              "state": "passed",
              "speed": "slow",
              "pass": true,
              "fail": false,
              "pending": false,
              "context": null,
              "code": "this.timeout(120000);\nawait pages.login.ensureOtpMode(true);\nawait pages.login.setValue(pages.login.emailField, 'invalidemail');\nawait pages.login.click(pages.login.loginSubmitBtn);\nconst errorMsg = await pages.login.getErrorMessage();\nexpect(errorMsg.toLowerCase()).to.satisfy(err => err.includes('valid') || err.length > 0);\nawait pages.login.ensureOtpMode(false);",
              "err": {},
              "uuid": "4e2c4314-2beb-4ee1-89b9-2687f70a320e",
              "parentUUID": "438439df-e77d-4132-8d58-477fc2f14e27",
              "isHook": false,
              "skipped": false
            },
            {
              "title": "TC_008_Verify_OTP_Login_Empty_Field",
              "fullTitle": "Authentication & Session Management TC_008_Verify_OTP_Login_Empty_Field",
              "timedOut": false,
              "duration": 27921,
              "state": "passed",
              "speed": "slow",
              "pass": true,
              "fail": false,
              "pending": false,
              "context": null,
              "code": "this.timeout(120000);\nawait pages.login.ensureOtpMode(true);\nawait pages.login.setValue(pages.login.emailField, 'testotp@safebank.ai');\nawait pages.login.click(pages.login.loginSubmitBtn);\n// OTP input field appears. Submit empty OTP\nawait pages.login.click(pages.login.loginSubmitBtn);\nconst errorMsg = await pages.login.getErrorMessage();\nexpect(errorMsg.toLowerCase()).to.satisfy(err => err.includes('6-digit') || err.includes('otp') || err.length > 0);\nawait pages.login.clickChangeEmail();\nawait pages.login.ensureOtpMode(false);",
              "err": {},
              "uuid": "ba493f87-e53d-48c3-b713-c7bab63ad2f7",
              "parentUUID": "438439df-e77d-4132-8d58-477fc2f14e27",
              "isHook": false,
              "skipped": false
            },
            {
              "title": "TC_009_Verify_OTP_Login_Invalid_Format",
              "fullTitle": "Authentication & Session Management TC_009_Verify_OTP_Login_Invalid_Format",
              "timedOut": false,
              "duration": 56601,
              "state": "passed",
              "speed": "slow",
              "pass": true,
              "fail": false,
              "pending": false,
              "context": null,
              "code": "this.timeout(120000);\nawait pages.login.ensureOtpMode(true);\nawait pages.login.setValue(pages.login.emailField, 'testotp@safebank.ai');\nawait pages.login.click(pages.login.loginSubmitBtn);\n// Enter short OTP code\nawait pages.login.setValue(pages.login.otpField, '12');\nawait pages.login.click(pages.login.loginSubmitBtn);\nconst errorMsg = await pages.login.getErrorMessage();\nexpect(errorMsg.toLowerCase()).to.satisfy(err => err.includes('6-digit') || err.includes('otp') || err.length > 0);\nawait pages.login.clickChangeEmail();\nawait pages.login.ensureOtpMode(false);",
              "err": {},
              "uuid": "8aef52c3-da29-4805-8125-ed5600b1832e",
              "parentUUID": "438439df-e77d-4132-8d58-477fc2f14e27",
              "isHook": false,
              "skipped": false
            },
            {
              "title": "TC_010_Verify_OTP_Login_Success",
              "fullTitle": "Authentication & Session Management TC_010_Verify_OTP_Login_Success",
              "timedOut": false,
              "duration": 52503,
              "state": "passed",
              "speed": "slow",
              "pass": true,
              "fail": false,
              "pending": false,
              "context": null,
              "code": "this.timeout(120000);\nawait pages.login.ensureOtpMode(true);\nawait pages.login.setValue(pages.login.emailField, 'demo@safebank.ai');\nawait pages.login.click(pages.login.loginSubmitBtn);\n// Input standard 6 digits OTP code\nawait pages.login.setValue(pages.login.otpField, '123456');\nawait pages.login.click(pages.login.loginSubmitBtn);\nconst isDashboardVisible = await pages.dashboard.isDisplayed(pages.dashboard.safetyStatusBento);\nexpect(isDashboardVisible).to.be.true;\n// Logout to reset auth state\nawait pages.dashboard.navigateToProfile();\nawait pages.profile.logout();",
              "err": {},
              "uuid": "c324a155-01a4-4a8e-85d8-ecec24ab41c5",
              "parentUUID": "438439df-e77d-4132-8d58-477fc2f14e27",
              "isHook": false,
              "skipped": false
            },
            {
              "title": "TC_011_Verify_Sign_Up_Mode_Toggle",
              "fullTitle": "Authentication & Session Management TC_011_Verify_Sign_Up_Mode_Toggle",
              "timedOut": false,
              "duration": 44007,
              "state": "passed",
              "speed": "slow",
              "pass": true,
              "fail": false,
              "pending": false,
              "context": null,
              "code": "this.timeout(120000);\nawait pages.login.ensureSignUpMode(true);\nconst isSignUpBtnVisible = await pages.login.isDisplayed(pages.login.loginSubmitBtn);\nexpect(isSignUpBtnVisible).to.be.true;\n// Toggle back to Login\nawait pages.login.ensureSignUpMode(false);",
              "err": {},
              "uuid": "379828b4-33ab-40af-bb1d-4050d273393c",
              "parentUUID": "438439df-e77d-4132-8d58-477fc2f14e27",
              "isHook": false,
              "skipped": false
            },
            {
              "title": "TC_012_Verify_Sign_Up_Validation_Empty_Fields",
              "fullTitle": "Authentication & Session Management TC_012_Verify_Sign_Up_Validation_Empty_Fields",
              "timedOut": false,
              "duration": 19362,
              "state": "passed",
              "speed": "slow",
              "pass": true,
              "fail": false,
              "pending": false,
              "context": null,
              "code": "this.timeout(120000);\nawait pages.login.ensureSignUpMode(true);\nawait pages.login.click(pages.login.loginSubmitBtn);\nconst errorMsg = await pages.login.getErrorMessage();\nexpect(errorMsg.toLowerCase()).to.include('email and password');\nawait pages.login.ensureSignUpMode(false);",
              "err": {},
              "uuid": "d2b3cdc4-44e4-4f46-a8b3-592d4e8f9baf",
              "parentUUID": "438439df-e77d-4132-8d58-477fc2f14e27",
              "isHook": false,
              "skipped": false
            },
            {
              "title": "TC_013_Verify_Sign_Up_Successful",
              "fullTitle": "Authentication & Session Management TC_013_Verify_Sign_Up_Successful",
              "timedOut": false,
              "duration": 39343,
              "state": "passed",
              "speed": "slow",
              "pass": true,
              "fail": false,
              "pending": false,
              "context": null,
              "code": "this.timeout(120000);\nawait pages.login.ensureSignUpMode(true);\nawait pages.login.setValue(pages.login.emailField, 'newuser@safebank.ai');\nawait pages.login.setValue(pages.login.passwordField, 'Password123');\nawait pages.login.click(pages.login.loginSubmitBtn);\n// Wait for redirection or registration message\nconst isDashboardVisible = await pages.dashboard.isDisplayed(pages.dashboard.safetyStatusBento);\nif (isDashboardVisible) {\n  expect(isDashboardVisible).to.be.true;\n  await pages.dashboard.navigateToProfile();\n  await pages.profile.logout();\n} else {\n  const errorMsg = await pages.login.getErrorMessage();\n  expect(errorMsg.toLowerCase()).to.satisfy(err => err.includes('confirm') || err.includes('success') || err.length > 0);\n  await pages.login.ensureSignUpMode(false);\n}",
              "err": {},
              "uuid": "a70f7dfd-b61a-4fe0-97ee-f95a8c1c251f",
              "parentUUID": "438439df-e77d-4132-8d58-477fc2f14e27",
              "isHook": false,
              "skipped": false
            },
            {
              "title": "TC_014_Verify_Forgot_Password_Validation_Empty_Email",
              "fullTitle": "Authentication & Session Management TC_014_Verify_Forgot_Password_Validation_Empty_Email",
              "timedOut": false,
              "duration": 20012,
              "state": "passed",
              "speed": "slow",
              "pass": true,
              "fail": false,
              "pending": false,
              "context": null,
              "code": "this.timeout(120000);\nawait pages.login.ensureSignUpMode(false);\nawait pages.login.ensureOtpMode(false);\nawait pages.login.setValue(pages.login.emailField, '');\nawait pages.login.clickForgotPassword();\nconst errorMsg = await pages.login.getErrorMessage();\nexpect(errorMsg.toLowerCase()).to.satisfy(err => err.includes('valid email') || err.length > 0);",
              "err": {},
              "uuid": "251dcc0a-458a-478c-ae52-df4afcd5fb50",
              "parentUUID": "438439df-e77d-4132-8d58-477fc2f14e27",
              "isHook": false,
              "skipped": false
            },
            {
              "title": "TC_015_Verify_Forgot_Password_Success",
              "fullTitle": "Authentication & Session Management TC_015_Verify_Forgot_Password_Success",
              "timedOut": false,
              "duration": 54031,
              "state": "passed",
              "speed": "slow",
              "pass": true,
              "fail": false,
              "pending": false,
              "context": null,
              "code": "this.timeout(120000);\nawait pages.login.ensureSignUpMode(false);\nawait pages.login.ensureOtpMode(false);\nawait pages.login.setValue(pages.login.emailField, 'forgot@safebank.ai');\nawait pages.login.clickForgotPassword();\n// Check verification or error message displays\nconst errorMsg = await pages.login.getErrorMessage();\n// Since Mock Supabase reset email works, verify we don't get \"Please enter a valid email\"\nexpect(errorMsg.toLowerCase()).to.not.include('enter a valid');",
              "err": {},
              "uuid": "01667bf6-683b-4f6e-a18c-64b3352fe253",
              "parentUUID": "438439df-e77d-4132-8d58-477fc2f14e27",
              "isHook": false,
              "skipped": false
            }
          ],
          "suites": [],
          "passes": [
            "d5b4e34c-ddb7-4a09-9722-b1d0e0d94a30",
            "76ba8a5c-e663-46fd-bf13-7e0f63288946",
            "0ae70549-b7e2-44b2-a1b5-ae4b391a3da8",
            "6e5d5d02-9cb0-4a31-b2ee-a043f07646ed",
            "523f67af-626c-4145-9082-0a035f0bcd38",
            "4606b600-6d43-48bc-ac4a-4e7e531e3c51",
            "4e2c4314-2beb-4ee1-89b9-2687f70a320e",
            "ba493f87-e53d-48c3-b713-c7bab63ad2f7",
            "8aef52c3-da29-4805-8125-ed5600b1832e",
            "c324a155-01a4-4a8e-85d8-ecec24ab41c5",
            "379828b4-33ab-40af-bb1d-4050d273393c",
            "d2b3cdc4-44e4-4f46-a8b3-592d4e8f9baf",
            "a70f7dfd-b61a-4fe0-97ee-f95a8c1c251f",
            "251dcc0a-458a-478c-ae52-df4afcd5fb50",
            "01667bf6-683b-4f6e-a18c-64b3352fe253"
          ],
          "failures": [],
          "pending": [],
          "skipped": [],
          "duration": 556675,
          "root": false,
          "rootEmpty": false,
          "_timeout": 180000
        }
      ],
      "passes": [],
      "failures": [],
      "pending": [],
      "skipped": [],
      "duration": 0,
      "root": true,
      "rootEmpty": true,
      "_timeout": 180000
    }
  ],
  "meta": {
    "mocha": {
      "version": "10.8.2"
    },
    "mochawesome": {
      "options": {
        "quiet": false,
        "reportFilename": "mochawesome",
        "saveHtml": true,
        "saveJson": true,
        "consoleReporter": "spec",
        "useInlineDiffs": false,
        "code": true
      },
      "version": "7.1.4"
    },
    "marge": {
      "options": null,
      "version": "6.3.2"
    }
  }
}